TN:
SF:src/components/ApiFeedback.vue
FNF:0
FNH:0
DA:2,390
LF:1
LH:1
BRDA:2,0,0,176
BRDA:2,0,1,214
BRDA:2,1,0,390
BRDA:2,1,1,237
BRDA:3,2,0,34
BRDA:3,2,1,142
BRF:6
BRH:6
end_of_record
TN:
SF:src/components/StateExtractPanel.vue
FN:75,(anonymous_0)
FN:79,(anonymous_1)
FN:82,(anonymous_2)
FN:86,(anonymous_3)
FN:89,(anonymous_4)
FN:92,(anonymous_5)
FN:97,(anonymous_6)
FN:107,(anonymous_7)
FN:110,(anonymous_8)
FN:125,(anonymous_9)
FN:130,(anonymous_10)
FN:143,(anonymous_11)
FN:155,(anonymous_12)
FN:163,(anonymous_13)
FN:193,(anonymous_14)
FNF:15
FNH:14
FNDA:5,(anonymous_0)
FNDA:10,(anonymous_1)
FNDA:8,(anonymous_2)
FNDA:11,(anonymous_3)
FNDA:8,(anonymous_4)
FNDA:4,(anonymous_5)
FNDA:3,(anonymous_6)
FNDA:3,(anonymous_7)
FNDA:8,(anonymous_8)
FNDA:0,(anonymous_9)
FNDA:8,(anonymous_10)
FNDA:2,(anonymous_11)
FNDA:6,(anonymous_12)
FNDA:8,(anonymous_13)
FNDA:2,(anonymous_14)
DA:2,38
DA:3,16
DA:8,16
DA:60,25
DA:66,25
DA:70,25
DA:71,25
DA:72,25
DA:73,25
DA:75,25
DA:76,5
DA:79,25
DA:80,10
DA:82,25
DA:83,8
DA:84,0
DA:86,11
DA:89,25
DA:90,8
DA:92,25
DA:93,4
DA:94,1
DA:96,3
DA:98,3
DA:99,0
DA:101,3
DA:102,3
DA:103,2
DA:105,1
DA:107,3
DA:110,25
DA:111,8
DA:112,8
DA:113,6
DA:115,2
DA:116,2
DA:117,1
DA:119,1
DA:120,1
DA:121,0
DA:123,1
DA:124,1
DA:125,0
DA:127,1
DA:130,25
DA:131,8
DA:132,8
DA:133,8
DA:134,8
DA:143,25
DA:144,2
DA:145,2
DA:146,2
DA:147,0
DA:149,2
DA:150,2
DA:152,0
DA:155,25
DA:156,6
DA:157,6
DA:158,1
DA:160,5
DA:163,25
DA:164,8
DA:165,8
DA:166,8
DA:167,8
DA:168,8
DA:169,8
DA:170,1
DA:171,1
DA:173,7
DA:174,1
DA:175,1
DA:177,6
DA:178,6
DA:179,1
DA:180,1
DA:182,6
DA:183,0
DA:184,0
DA:186,6
DA:187,6
DA:189,1
DA:193,25
DA:194,2
DA:195,2
DA:196,2
DA:197,0
DA:199,2
DA:200,2
DA:201,0
DA:203,2
DA:204,1
DA:209,1
DA:214,1
DA:216,1
LF:97
LH:87
BRDA:76,0,0,5
BRDA:76,0,1,0
BRDA:80,1,0,7
BRDA:80,1,1,3
BRDA:80,2,0,10
BRDA:80,2,1,8
BRDA:83,3,0,0
BRDA:83,3,1,8
BRDA:86,4,0,11
BRDA:86,4,1,11
BRDA:90,5,0,8
BRDA:90,5,1,1
BRDA:90,5,2,1
BRDA:93,6,0,1
BRDA:93,6,1,3
BRDA:98,7,0,0
BRDA:98,7,1,3
BRDA:98,8,0,3
BRDA:98,8,1,3
BRDA:102,9,0,2
BRDA:102,9,1,1
BRDA:105,10,0,1
BRDA:105,10,1,0
BRDA:112,11,0,6
BRDA:112,11,1,2
BRDA:116,12,0,1
BRDA:116,12,1,1
BRDA:120,13,0,0
BRDA:120,13,1,1
BRDA:124,14,0,0
BRDA:124,14,1,1
BRDA:124,15,0,1
BRDA:124,15,1,0
BRDA:124,15,2,0
BRDA:131,16,0,8
BRDA:131,16,1,0
BRDA:146,17,0,0
BRDA:146,17,1,2
BRDA:146,18,0,2
BRDA:146,18,1,0
BRDA:149,19,0,2
BRDA:149,19,1,0
BRDA:149,20,0,2
BRDA:149,20,1,2
BRDA:156,21,0,6
BRDA:156,21,1,6
BRDA:157,22,0,1
BRDA:157,22,1,5
BRDA:169,23,0,1
BRDA:169,23,1,7
BRDA:169,24,0,8
BRDA:169,24,1,7
BRDA:173,25,0,1
BRDA:173,25,1,6
BRDA:178,26,0,1
BRDA:178,26,1,5
BRDA:178,27,0,6
BRDA:178,27,1,6
BRDA:182,28,0,0
BRDA:182,28,1,6
BRDA:182,29,0,6
BRDA:182,29,1,6
BRDA:196,30,0,0
BRDA:196,30,1,2
BRDA:200,31,0,0
BRDA:200,31,1,2
BRDA:20,32,0,38
BRDA:20,32,1,25
BRDA:12,33,0,7
BRDA:12,33,1,31
BRDA:23,34,0,3
BRDA:23,34,1,35
BRDA:28,35,0,7
BRDA:28,35,1,31
BRDA:30,36,0,1
BRDA:30,36,1,37
BRDA:35,37,0,1
BRDA:35,37,1,37
BRF:78
BRH:63
end_of_record
TN:
SF:src/components/simulation/ActionTimeline.vue
FN:3,(anonymous_0)
FN:5,(anonymous_1)
FN:5,(anonymous_2)
FN:5,(anonymous_3)
FN:6,(anonymous_4)
FN:9,(anonymous_5)
FN:14,(anonymous_6)
FN:23,(anonymous_7)
FNF:8
FNH:8
FNDA:3,(anonymous_0)
FNDA:3,(anonymous_1)
FNDA:3,(anonymous_2)
FNDA:1,(anonymous_3)
FNDA:3,(anonymous_4)
FNDA:3,(anonymous_5)
FNDA:2,(anonymous_6)
FNDA:1,(anonymous_7)
DA:2,3
DA:3,3
DA:5,3
DA:6,10
DA:7,10
DA:9,3
DA:11,10
DA:13,10
DA:14,2
DA:15,10
DA:22,1
DA:32,3
DA:45,3
LF:13
LH:13
BRDA:3,0,0,3
BRDA:3,0,1,3
BRDA:19,1,0,3
BRDA:19,1,1,3
BRDA:20,2,0,1
BRDA:20,2,1,NaN
BRDA:31,3,0,1
BRDA:31,3,1,1
BRF:8
BRH:7
end_of_record
TN:
SF:src/components/simulation/AgentStatePanel.vue
FN:55,(anonymous_0)
FN:56,(anonymous_1)
FN:56,(anonymous_2)
FN:58,(anonymous_3)
FN:3,(anonymous_4)
FN:4,(anonymous_5)
FN:11,(anonymous_6)
FN:12,(anonymous_7)
FN:13,(anonymous_8)
FN:20,(anonymous_9)
FN:21,(anonymous_10)
FN:22,(anonymous_11)
FN:31,(anonymous_12)
FN:32,(anonymous_13)
FN:33,(anonymous_14)
FNF:15
FNH:15
FNDA:4,(anonymous_0)
FNDA:4,(anonymous_1)
FNDA:1,(anonymous_2)
FNDA:2,(anonymous_3)
FNDA:4,(anonymous_4)
FNDA:4,(anonymous_5)
FNDA:4,(anonymous_6)
FNDA:4,(anonymous_7)
FNDA:2,(anonymous_8)
FNDA:4,(anonymous_9)
FNDA:2,(anonymous_10)
FNDA:2,(anonymous_11)
FNDA:4,(anonymous_12)
FNDA:1,(anonymous_13)
FNDA:1,(anonymous_14)
DA:2,4
DA:3,10
DA:4,4
DA:5,10
DA:6,10
DA:7,10
DA:9,4
DA:12,10
DA:13,2
DA:14,10
DA:15,10
DA:17,4
DA:18,4
DA:20,10
DA:21,2
DA:22,2
DA:23,10
DA:24,10
DA:25,10
DA:28,4
DA:31,10
DA:32,1
DA:33,1
DA:34,10
DA:35,10
DA:36,10
DA:39,4
DA:49,3
DA:53,3
DA:55,4
DA:56,4
DA:58,3
DA:59,2
DA:60,1
DA:62,1
LF:35
LH:35
BRDA:59,0,0,1
BRDA:59,0,1,1
BRF:2
BRH:2
end_of_record
TN:
SF:src/components/simulation/ConvergenceIndicator.vue
FN:26,(anonymous_0)
FN:30,(anonymous_1)
FN:32,(anonymous_2)
FN:39,(anonymous_3)
FN:52,(anonymous_4)
FN:53,(anonymous_5)
FN:3,(anonymous_6)
FN:6,(anonymous_7)
FN:6,(anonymous_8)
FN:7,(anonymous_9)
FN:8,(anonymous_10)
FNF:11
FNH:0
FNDA:0,(anonymous_0)
FNDA:0,(anonymous_1)
FNDA:0,(anonymous_2)
FNDA:0,(anonymous_3)
FNDA:0,(anonymous_4)
FNDA:0,(anonymous_5)
FNDA:0,(anonymous_6)
FNDA:0,(anonymous_7)
FNDA:0,(anonymous_8)
FNDA:0,(anonymous_9)
FNDA:0,(anonymous_10)
DA:2,0
DA:3,0
DA:6,0
DA:7,0
DA:8,0
DA:20,0
DA:26,0
DA:27,0
DA:30,0
DA:32,0
DA:33,0
DA:34,0
DA:36,0
DA:39,0
DA:40,0
DA:41,0
DA:43,0
DA:44,0
DA:45,0
DA:47,0
DA:49,0
DA:52,0
DA:53,0
DA:54,0
LF:24
LH:0
BRDA:27,0,0,0
BRDA:27,0,1,0
BRDA:33,1,0,0
BRDA:33,1,1,0
BRDA:33,2,0,0
BRDA:33,2,1,0
BRDA:40,3,0,0
BRDA:40,3,1,0
BRDA:43,4,0,0
BRDA:43,4,1,0
BRDA:44,5,0,0
BRDA:44,5,1,0
BRDA:52,6,0,0
BRDA:52,6,1,0
BRDA:54,7,0,0
BRDA:54,7,1,0
BRDA:3,8,0,0
BRDA:3,8,1,0
BRDA:10,9,0,0
BRDA:10,9,1,0
BRF:20
BRH:0
end_of_record
TN:
SF:src/components/simulation/RoundPlayer.vue
FN:35,(anonymous_0)
FN:36,(anonymous_1)
FN:39,(anonymous_2)
FN:3,(anonymous_3)
FN:4,(anonymous_4)
FN:4,(anonymous_5)
FN:5,(anonymous_6)
FN:5,(anonymous_7)
FN:6,(anonymous_8)
FN:10,(anonymous_9)
FNF:10
FNH:10
FNDA:5,(anonymous_0)
FNDA:1,(anonymous_1)
FNDA:2,(anonymous_2)
FNDA:5,(anonymous_3)
FNDA:1,(anonymous_4)
FNDA:5,(anonymous_5)
FNDA:1,(anonymous_6)
FNDA:5,(anonymous_7)
FNDA:5,(anonymous_8)
FNDA:1,(anonymous_9)
DA:2,5
DA:3,10
DA:4,5
DA:5,5
DA:6,5
DA:7,5
DA:8,10
DA:10,1
DA:18,5
DA:24,5
DA:32,5
DA:34,5
DA:35,5
DA:36,1
DA:39,5
DA:40,2
DA:41,1
DA:42,1
DA:44,1
LF:19
LH:19
BRDA:40,0,0,1
BRDA:40,0,1,1
BRDA:4,1,0,5
BRDA:4,1,1,5
BRDA:4,2,0,5
BRDA:4,2,1,5
BRDA:5,3,0,5
BRDA:5,3,1,5
BRDA:5,4,0,5
BRDA:5,4,1,5
BRDA:6,5,0,1
BRDA:6,5,1,4
BRDA:10,6,0,5
BRDA:10,6,1,5
BRF:14
BRH:14
end_of_record
TN:
SF:src/components/snowflake/ActCard.vue
FN:3,(anonymous_0)
FNF:1
FNH:1
FNDA:2,(anonymous_0)
DA:2,2
DA:3,2
DA:4,1
DA:5,1
DA:6,1
DA:15,2
DA:19,2
LF:7
LH:7
BRF:0
BRH:0
end_of_record
TN:
SF:src/components/snowflake/ChapterCard.vue
FN:3,(anonymous_0)
FNF:1
FNH:1
FNDA:2,(anonymous_0)
DA:2,2
DA:3,2
DA:4,1
DA:5,1
DA:6,1
DA:15,2
DA:19,2
LF:7
LH:7
BRDA:6,0,0,2
BRDA:6,0,1,0
BRF:2
BRH:1
end_of_record
TN:
SF:src/components/snowflake/CharacterCard.vue
FN:3,(anonymous_0)
FNF:1
FNH:1
FNDA:2,(anonymous_0)
DA:2,2
DA:3,2
DA:4,1
DA:5,1
DA:6,1
DA:7,1
DA:8,1
DA:9,1
DA:18,2
DA:22,2
LF:10
LH:10
BRDA:9,0,0,2
BRDA:9,0,1,0
BRF:2
BRH:1
end_of_record
TN:
SF:src/components/snowflake/SceneCard.vue
FN:3,(anonymous_0)
FNF:1
FNH:1
FNDA:2,(anonymous_0)
DA:2,2
DA:3,2
DA:4,1
DA:5,1
DA:6,1
DA:7,1
DA:8,1
DA:9,1
DA:18,2
DA:22,2
LF:10
LH:10
BRDA:6,0,0,2
BRDA:6,0,1,0
BRDA:7,1,0,2
BRDA:7,1,1,0
BRDA:8,2,0,2
BRDA:8,2,1,0
BRF:6
BRH:3
end_of_record
TN:
SF:src/components/snowflake/Step3Panel.vue
FN:4,(anonymous_0)
FNF:1
FNH:1
FNDA:1,(anonymous_0)
DA:2,1
DA:3,1
DA:16,1
DA:20,1
LF:4
LH:4
BRDA:5,0,0,1
BRDA:5,0,1,0
BRDA:8,1,0,0
BRDA:8,1,1,1
BRF:4
BRH:2
end_of_record
TN:
SF:src/components/snowflake/Step4Panel.vue
FN:3,(anonymous_0)
FNF:1
FNH:1
FNDA:1,(anonymous_0)
DA:2,1
DA:3,1
DA:12,1
DA:16,1
LF:4
LH:4
BRDA:4,0,0,0
BRDA:4,0,1,1
BRF:2
BRH:1
end_of_record
TN:
SF:src/components/snowflake/Step5Panel.vue
FN:5,(anonymous_0)
FN:10,(anonymous_1)
FNF:2
FNH:2
FNDA:1,(anonymous_0)
FNDA:1,(anonymous_1)
DA:2,1
DA:3,1
DA:5,1
DA:8,1
DA:10,1
DA:21,1
DA:26,1
LF:7
LH:7
BRDA:7,0,0,1
BRDA:7,0,1,1
BRDA:6,1,0,0
BRDA:6,1,1,1
BRDA:12,2,0,1
BRDA:12,2,1,1
BRDA:11,3,0,0
BRDA:11,3,1,1
BRF:8
BRH:6
end_of_record
TN:
SF:src/components/snowflake/Step6Panel.vue
FN:3,(anonymous_0)
FN:4,(anonymous_1)
FNF:2
FNH:2
FNDA:1,(anonymous_0)
FNDA:1,(anonymous_1)
DA:2,1
DA:3,1
DA:4,1
DA:6,1
DA:7,1
DA:8,1
DA:22,1
DA:26,1
LF:8
LH:8
BRDA:8,0,0,1
BRDA:8,0,1,0
BRDA:15,1,0,0
BRDA:15,1,1,1
BRF:4
BRH:2
end_of_record
TN:
SF:src/components/world/AnchorTimeline.vue
FN:16,(anonymous_0)
FNF:1
FNH:0
FNDA:0,(anonymous_0)
DA:2,2
DA:3,6
DA:6,6
DA:16,0
DA:17,6
DA:18,6
DA:19,6
LF:7
LH:6
BRDA:7,0,0,2
BRDA:7,0,1,1
BRDA:10,1,0,2
BRDA:10,1,1,0
BRDA:13,2,0,2
BRDA:13,2,1,1
BRF:6
BRH:5
end_of_record
TN:
SF:src/components/world/EntityList.vue
FN:16,(anonymous_0)
FNF:1
FNH:0
FNDA:0,(anonymous_0)
DA:2,2
DA:3,6
DA:6,6
DA:16,0
DA:17,6
DA:18,6
DA:19,6
LF:7
LH:6
BRDA:7,0,0,2
BRDA:7,0,1,1
BRDA:10,1,0,2
BRDA:10,1,1,0
BRDA:13,2,0,2
BRDA:13,2,1,1
BRF:6
BRH:5
end_of_record
TN:
SF:src/components/world/RelationGraph.vue
FN:41,(anonymous_0)
FN:47,(anonymous_1)
FN:57,(anonymous_2)
FN:59,(anonymous_3)
FN:65,(anonymous_4)
FN:66,(anonymous_5)
FN:3,(anonymous_6)
FN:6,(anonymous_7)
FN:14,(anonymous_8)
FN:22,(anonymous_9)
FNF:10
FNH:10
FNDA:4,(anonymous_0)
FNDA:2,(anonymous_1)
FNDA:1,(anonymous_2)
FNDA:2,(anonymous_3)
FNDA:3,(anonymous_4)
FNDA:1,(anonymous_5)
FNDA:4,(anonymous_6)
FNDA:1,(anonymous_7)
FNDA:2,(anonymous_8)
FNDA:1,(anonymous_9)
DA:2,4
DA:3,4
DA:5,1
DA:14,2
DA:21,6
DA:22,1
DA:33,2
DA:38,6
DA:39,6
DA:41,2
DA:42,4
DA:43,4
DA:44,4
DA:45,4
DA:47,4
DA:48,2
DA:49,2
DA:57,2
DA:58,1
DA:59,1
DA:60,2
DA:62,1
DA:65,2
DA:66,3
LF:24
LH:24
BRDA:42,0,0,4
BRDA:42,0,1,3
BRDA:3,1,0,4
BRDA:3,1,1,2
BRDA:17,2,0,2
BRDA:17,2,1,0
BRF:6
BRH:5
end_of_record
TN:
SF:src/composables/useNotification.ts
FN:12,useNotification
FN:16,(anonymous_1)
FN:34,(anonymous_2)
FN:35,(anonymous_3)
FN:38,(anonymous_4)
FN:42,(anonymous_5)
FNF:6
FNH:6
FNDA:9,useNotification
FNDA:10,(anonymous_1)
FNDA:3,(anonymous_2)
FNDA:2,(anonymous_3)
FNDA:2,(anonymous_4)
FNDA:6,(anonymous_5)
DA:13,9
DA:14,9
DA:16,9
DA:17,10
DA:18,3
DA:21,5
DA:22,5
DA:31,5
DA:34,9
DA:35,3
DA:38,9
DA:39,2
DA:42,9
DA:44,9
LF:14
LH:14
BRDA:17,0,0,3
BRDA:17,0,1,7
BRF:2
BRH:2
end_of_record
TN:
SF:src/composables/usePolling.ts
FN:3,usePolling
FN:14,(anonymous_1)
FN:22,(anonymous_2)
FN:27,(anonymous_3)
FNF:4
FNH:4
FNDA:17,usePolling
FNDA:8,(anonymous_1)
FNDA:5,(anonymous_2)
FNDA:11,(anonymous_3)
DA:4,17
DA:5,5
DA:7,12
DA:8,7
DA:11,5
DA:12,5
DA:14,5
DA:15,8
DA:16,4
DA:17,4
DA:19,8
DA:22,5
DA:23,5
DA:24,1
DA:26,5
DA:27,5
DA:28,11
DA:32,5
DA:34,5
LF:19
LH:19
BRDA:4,0,0,5
BRDA:4,0,1,12
BRDA:7,1,0,7
BRDA:7,1,1,5
BRDA:7,2,0,12
BRDA:7,2,1,7
BRDA:15,3,0,4
BRDA:15,3,1,4
BRDA:23,4,0,1
BRDA:23,4,1,4
BRF:10
BRH:10
end_of_record
TN:
SF:src/composables/useSnowflake.ts
FN:4,(anonymous_0)
FN:7,(anonymous_1)
FN:8,(anonymous_2)
FN:9,(anonymous_3)
FN:10,(anonymous_4)
FN:11,(anonymous_5)
FN:12,(anonymous_6)
FN:13,(anonymous_7)
FN:15,(anonymous_8)
FNF:9
FNH:9
FNDA:25,(anonymous_0)
FNDA:1,(anonymous_1)
FNDA:1,(anonymous_2)
FNDA:1,(anonymous_3)
FNDA:1,(anonymous_4)
FNDA:1,(anonymous_5)
FNDA:48,(anonymous_6)
FNDA:1,(anonymous_7)
FNDA:1,(anonymous_8)
DA:4,9
DA:5,25
DA:7,25
DA:8,25
DA:9,25
DA:10,25
DA:11,25
DA:12,48
DA:13,25
DA:15,25
DA:16,1
DA:19,25
LF:12
LH:12
BRF:0
BRH:0
end_of_record
TN:
SF:src/stores/editor.ts
FN:17,(anonymous_0)
FN:33,(anonymous_1)
FN:41,(anonymous_2)
FN:54,(anonymous_3)
FN:70,(anonymous_4)
FN:78,(anonymous_5)
FN:100,(anonymous_6)
FN:104,(anonymous_7)
FN:113,(anonymous_8)
FN:117,(anonymous_9)
FN:120,(anonymous_10)
FN:123,(anonymous_11)
FN:126,(anonymous_12)
FNF:13
FNH:13
FNDA:5,(anonymous_0)
FNDA:18,(anonymous_1)
FNDA:4,(anonymous_2)
FNDA:33,(anonymous_3)
FNDA:5,(anonymous_4)
FNDA:9,(anonymous_5)
FNDA:6,(anonymous_6)
FNDA:1,(anonymous_7)
FNDA:6,(anonymous_8)
FNDA:5,(anonymous_9)
FNDA:5,(anonymous_10)
FNDA:3,(anonymous_11)
FNDA:4,(anonymous_12)
DA:17,10
DA:18,5
DA:19,5
DA:20,0
DA:21,0
DA:23,0
DA:26,5
DA:27,5
DA:28,0
DA:30,5
DA:33,10
DA:34,18
DA:35,18
DA:36,1
DA:38,17
DA:41,10
DA:42,4
DA:43,4
DA:44,2
DA:46,2
DA:47,2
DA:48,1
DA:50,1
DA:53,10
DA:54,33
DA:71,5
DA:72,5
DA:73,5
DA:74,5
DA:75,5
DA:76,5
DA:79,9
DA:80,3
DA:82,6
DA:83,6
DA:84,1
DA:86,5
DA:87,5
DA:88,5
DA:89,5
DA:90,5
DA:91,5
DA:92,5
DA:93,5
DA:101,6
DA:102,6
DA:105,1
DA:106,1
DA:114,6
DA:115,6
DA:118,5
DA:121,5
DA:124,3
DA:127,4
DA:128,4
LF:55
LH:51
BRDA:19,0,0,0
BRDA:19,0,1,5
BRDA:26,1,0,5
BRDA:26,1,1,5
BRDA:27,2,0,0
BRDA:27,2,1,5
BRDA:27,3,0,5
BRDA:27,3,1,5
BRDA:35,4,0,1
BRDA:35,4,1,17
BRDA:43,5,0,2
BRDA:43,5,1,2
BRDA:47,6,0,1
BRDA:47,6,1,1
BRDA:79,7,0,3
BRDA:79,7,1,6
BRDA:83,8,0,1
BRDA:83,8,1,5
BRF:18
BRH:16
end_of_record
TN:
SF:src/stores/project.ts
FN:33,(anonymous_0)
FN:34,(anonymous_1)
FN:35,(anonymous_2)
FN:37,(anonymous_3)
FN:43,(anonymous_4)
FN:49,(anonymous_5)
FN:68,(anonymous_6)
FN:80,(anonymous_7)
FN:88,(anonymous_8)
FN:104,(anonymous_9)
FN:107,(anonymous_10)
FN:113,(anonymous_11)
FN:116,(anonymous_12)
FN:121,(anonymous_13)
FN:128,(anonymous_14)
FN:131,(anonymous_15)
FN:139,(anonymous_16)
FN:158,(anonymous_17)
FN:174,(anonymous_18)
FN:179,(anonymous_19)
FN:184,(anonymous_20)
FN:203,(anonymous_21)
FN:212,(anonymous_22)
FN:246,(anonymous_23)
FNF:24
FNH:23
FNDA:157,(anonymous_0)
FNDA:157,(anonymous_1)
FNDA:157,(anonymous_2)
FNDA:55,(anonymous_3)
FNDA:3,(anonymous_4)
FNDA:8,(anonymous_5)
FNDA:157,(anonymous_6)
FNDA:34,(anonymous_7)
FNDA:4,(anonymous_8)
FNDA:69,(anonymous_9)
FNDA:55,(anonymous_10)
FNDA:55,(anonymous_11)
FNDA:0,(anonymous_12)
FNDA:3,(anonymous_13)
FNDA:36,(anonymous_14)
FNDA:2,(anonymous_15)
FNDA:3,(anonymous_16)
FNDA:3,(anonymous_17)
FNDA:2,(anonymous_18)
FNDA:2,(anonymous_19)
FNDA:35,(anonymous_20)
FNDA:9,(anonymous_21)
FNDA:9,(anonymous_22)
FNDA:7,(anonymous_23)
DA:9,29
DA:10,29
DA:11,29
DA:12,29
DA:13,29
DA:33,157
DA:34,157
DA:35,157
DA:37,29
DA:38,55
DA:39,55
DA:40,55
DA:43,29
DA:44,3
DA:45,3
DA:46,3
DA:49,29
DA:50,8
DA:51,5
DA:53,3
DA:54,8
DA:55,0
DA:57,3
DA:58,3
DA:60,8
DA:63,8
DA:64,8
DA:67,29
DA:68,157
DA:81,34
DA:82,34
DA:83,34
DA:84,34
DA:85,34
DA:86,34
DA:87,18
DA:88,18
DA:89,2
DA:92,5
DA:93,5
DA:94,5
DA:95,5
DA:97,0
DA:99,5
DA:101,23
DA:105,69
DA:108,55
DA:109,55
DA:110,55
DA:111,55
DA:114,55
DA:117,0
DA:118,0
DA:119,0
DA:122,3
DA:123,3
DA:124,3
DA:125,3
DA:126,3
DA:129,36
DA:132,2
DA:133,1
DA:135,1
DA:136,1
DA:137,1
DA:140,3
DA:141,2
DA:143,1
DA:147,1
DA:148,1
DA:149,0
DA:151,1
DA:152,1
DA:153,1
DA:155,1
DA:156,1
DA:159,3
DA:160,2
DA:162,1
DA:166,1
DA:167,1
DA:168,0
DA:170,1
DA:171,1
DA:172,1
DA:175,2
DA:176,1
DA:178,1
DA:179,2
DA:180,1
DA:181,0
DA:185,35
DA:187,35
DA:188,35
DA:190,35
DA:191,19
DA:192,19
DA:194,35
DA:195,19
DA:196,19
DA:198,35
DA:199,16
DA:200,16
DA:204,9
DA:205,1
DA:207,8
DA:208,8
DA:209,8
DA:210,8
DA:213,9
DA:214,1
DA:216,8
DA:217,8
DA:218,1
DA:220,7
DA:221,7
DA:222,1
DA:224,6
DA:225,1
DA:227,5
DA:228,5
DA:229,5
DA:230,5
DA:236,0
DA:237,0
DA:239,0
DA:241,0
DA:243,5
DA:247,7
DA:248,7
DA:249,2
DA:251,5
DA:252,2
DA:254,3
DA:255,3
DA:256,3
LF:136
LH:124
BRDA:33,0,0,157
BRDA:33,0,1,133
BRDA:34,1,0,157
BRDA:34,1,1,134
BRDA:35,2,0,157
BRDA:35,2,1,139
BRDA:50,3,0,5
BRDA:50,3,1,3
BRDA:50,4,0,8
BRDA:50,4,1,5
BRDA:53,5,0,3
BRDA:53,5,1,2
BRDA:54,6,0,0
BRDA:54,6,1,8
BRDA:54,7,0,8
BRDA:54,7,1,3
BRDA:58,8,0,2
BRDA:58,8,1,1
BRDA:58,9,0,3
BRDA:58,9,1,3
BRDA:60,10,0,2
BRDA:60,10,1,1
BRDA:60,11,0,8
BRDA:60,11,1,3
BRDA:63,12,0,2
BRDA:63,12,1,1
BRDA:88,13,0,2
BRDA:88,13,1,16
BRDA:88,14,0,18
BRDA:88,14,1,4
BRDA:92,15,0,5
BRDA:92,15,1,0
BRDA:107,16,0,55
BRDA:107,17,0,55
BRDA:132,18,0,1
BRDA:132,18,1,1
BRDA:140,19,0,2
BRDA:140,19,1,1
BRDA:140,20,0,3
BRDA:140,20,1,2
BRDA:148,21,0,0
BRDA:148,21,1,1
BRDA:152,22,0,1
BRDA:152,22,1,0
BRDA:159,23,0,2
BRDA:159,23,1,1
BRDA:159,24,0,3
BRDA:159,24,1,2
BRDA:167,25,0,0
BRDA:167,25,1,1
BRDA:175,26,0,1
BRDA:175,26,1,1
BRDA:180,27,0,0
BRDA:180,27,1,1
BRDA:187,28,0,35
BRDA:187,28,1,0
BRDA:188,29,0,35
BRDA:188,29,1,0
BRDA:190,30,0,19
BRDA:190,30,1,16
BRDA:194,31,0,19
BRDA:194,31,1,16
BRDA:198,32,0,16
BRDA:198,32,1,19
BRDA:204,33,0,1
BRDA:204,33,1,8
BRDA:207,34,0,8
BRDA:207,34,1,0
BRDA:213,35,0,1
BRDA:213,35,1,8
BRDA:217,36,0,1
BRDA:217,36,1,7
BRDA:221,37,0,1
BRDA:221,37,1,6
BRDA:224,38,0,1
BRDA:224,38,1,5
BRDA:224,39,0,6
BRDA:224,39,1,6
BRDA:236,40,0,0
BRDA:236,40,1,0
BRDA:248,41,0,2
BRDA:248,41,1,5
BRDA:251,42,0,2
BRDA:251,42,1,3
BRF:84
BRH:73
end_of_record
TN:
SF:src/stores/simulation.ts
FN:10,(anonymous_0)
FN:24,(anonymous_1)
FN:29,(anonymous_2)
FNF:3
FNH:3
FNDA:36,(anonymous_0)
FNDA:4,(anonymous_1)
FNDA:3,(anonymous_2)
DA:9,10
DA:10,36
DA:25,4
DA:26,2
DA:27,2
DA:30,3
DA:31,3
DA:32,3
DA:33,3
DA:34,3
LF:10
LH:10
BRDA:33,0,0,1
BRDA:33,0,1,2
BRF:2
BRH:2
end_of_record
TN:
SF:src/stores/snowflake.ts
FN:67,(anonymous_0)
FN:75,(anonymous_1)
FN:82,(anonymous_2)
FN:89,(anonymous_3)
FN:92,(anonymous_4)
FN:96,(anonymous_5)
FN:100,(anonymous_6)
FN:104,(anonymous_7)
FN:108,(anonymous_8)
FN:112,(anonymous_9)
FN:116,(anonymous_10)
FN:124,(anonymous_11)
FN:132,(anonymous_12)
FN:134,(anonymous_13)
FN:135,(anonymous_14)
FN:136,(anonymous_15)
FN:137,(anonymous_16)
FN:138,(anonymous_17)
FN:139,(anonymous_18)
FN:140,(anonymous_19)
FN:143,(anonymous_20)
FN:148,(anonymous_21)
FN:153,(anonymous_22)
FN:190,(anonymous_23)
FN:199,(anonymous_24)
FN:211,(anonymous_25)
FN:255,(anonymous_26)
FN:258,(anonymous_27)
FN:267,(anonymous_28)
FN:279,(anonymous_29)
FN:288,(anonymous_30)
FN:303,(anonymous_31)
FN:315,(anonymous_32)
FNF:33
FNH:31
FNDA:12,(anonymous_0)
FNDA:10,(anonymous_1)
FNDA:5,(anonymous_2)
FNDA:92,(anonymous_3)
FNDA:1,(anonymous_4)
FNDA:1,(anonymous_5)
FNDA:1,(anonymous_6)
FNDA:1,(anonymous_7)
FNDA:1,(anonymous_8)
FNDA:1,(anonymous_9)
FNDA:1,(anonymous_10)
FNDA:92,(anonymous_11)
FNDA:92,(anonymous_12)
FNDA:27,(anonymous_13)
FNDA:27,(anonymous_14)
FNDA:33,(anonymous_15)
FNDA:30,(anonymous_16)
FNDA:30,(anonymous_17)
FNDA:77,(anonymous_18)
FNDA:30,(anonymous_19)
FNDA:0,(anonymous_20)
FNDA:6,(anonymous_21)
FNDA:24,(anonymous_22)
FNDA:39,(anonymous_23)
FNDA:12,(anonymous_24)
FNDA:3,(anonymous_25)
FNDA:0,(anonymous_26)
FNDA:6,(anonymous_27)
FNDA:5,(anonymous_28)
FNDA:5,(anonymous_29)
FNDA:5,(anonymous_30)
FNDA:5,(anonymous_31)
FNDA:6,(anonymous_32)
DA:57,22
DA:67,22
DA:68,12
DA:69,12
DA:71,1
DA:75,22
DA:76,10
DA:77,5
DA:79,5
DA:82,22
DA:83,5
DA:84,1
DA:86,4
DA:89,22
DA:90,92
DA:92,1
DA:96,1
DA:100,1
DA:104,1
DA:108,1
DA:112,1
DA:116,1
DA:121,92
DA:124,22
DA:125,92
DA:131,22
DA:132,92
DA:134,27
DA:135,27
DA:136,33
DA:137,30
DA:138,30
DA:139,77
DA:140,30
DA:144,0
DA:145,0
DA:146,0
DA:149,6
DA:150,6
DA:151,6
DA:154,24
DA:155,8
DA:157,16
DA:158,4
DA:159,4
DA:161,12
DA:162,12
DA:163,2
DA:164,2
DA:165,2
DA:166,2
DA:167,1
DA:169,1
DA:171,9
DA:172,2
DA:173,2
DA:175,7
DA:176,2
DA:177,2
DA:179,5
DA:180,3
DA:181,3
DA:182,3
DA:183,3
DA:185,2
DA:186,2
DA:187,2
DA:194,39
DA:195,2
DA:197,37
DA:200,12
DA:201,2
DA:204,10
DA:210,9
DA:211,3
DA:214,9
DA:216,9
DA:227,12
DA:237,12
DA:238,12
DA:239,12
DA:241,12
DA:253,12
DA:256,0
DA:259,6
DA:260,6
DA:261,6
DA:262,6
DA:263,1
DA:265,6
DA:268,5
DA:269,5
DA:270,4
DA:271,4
DA:272,0
DA:274,4
DA:275,0
DA:277,4
DA:280,5
DA:281,5
DA:282,4
DA:283,4
DA:284,0
DA:286,4
DA:289,5
DA:290,5
DA:291,5
DA:292,5
DA:293,5
DA:294,5
DA:295,5
DA:296,5
DA:301,5
DA:304,5
DA:305,5
DA:306,5
DA:307,5
DA:308,5
DA:309,5
DA:313,5
DA:316,6
DA:317,1
DA:319,5
DA:320,5
DA:321,1
DA:323,4
DA:330,4
DA:331,4
DA:332,4
LF:129
LH:122
BRDA:76,0,0,5
BRDA:76,0,1,5
BRDA:83,1,0,1
BRDA:83,1,1,4
BRDA:83,2,0,5
BRDA:83,2,1,4
BRDA:83,2,2,4
BRDA:154,3,0,8
BRDA:154,3,1,16
BRDA:154,4,0,24
BRDA:154,4,1,19
BRDA:154,4,2,17
BRDA:157,5,0,4
BRDA:157,5,1,12
BRDA:162,6,0,2
BRDA:162,6,1,10
BRDA:165,7,0,1
BRDA:165,7,1,0
BRDA:166,8,0,1
BRDA:166,8,1,1
BRDA:171,9,0,2
BRDA:171,9,1,7
BRDA:175,10,0,2
BRDA:175,10,1,5
BRDA:179,11,0,3
BRDA:179,11,1,2
BRDA:185,12,0,2
BRDA:185,12,1,0
BRDA:194,13,0,2
BRDA:194,13,1,37
BRDA:199,14,0,12
BRDA:200,15,0,2
BRDA:200,15,1,10
BRDA:221,16,0,6
BRDA:221,16,1,3
BRDA:241,17,0,3
BRDA:241,17,1,6
BRDA:243,18,0,1
BRDA:243,18,1,5
BRDA:243,19,0,6
BRDA:243,19,1,5
BRDA:245,20,0,1
BRDA:245,20,1,4
BRDA:247,21,0,1
BRDA:247,21,1,3
BRDA:249,22,0,1
BRDA:249,22,1,2
BRDA:249,23,0,3
BRDA:249,23,1,2
BRDA:249,23,2,2
BRDA:255,24,0,0
BRDA:259,25,0,2
BRDA:259,25,1,4
BRDA:262,26,0,1
BRDA:262,26,1,5
BRDA:268,27,0,1
BRDA:268,27,1,4
BRDA:271,28,0,0
BRDA:271,28,1,4
BRDA:271,29,0,4
BRDA:271,29,1,0
BRDA:274,30,0,0
BRDA:274,30,1,4
BRDA:280,31,0,0
BRDA:280,31,1,5
BRDA:283,32,0,0
BRDA:283,32,1,4
BRDA:289,33,0,1
BRDA:289,33,1,4
BRDA:304,34,0,1
BRDA:304,34,1,4
BRDA:305,35,0,1
BRDA:305,35,1,4
BRDA:315,36,0,6
BRDA:316,37,0,1
BRDA:316,37,1,5
BRDA:320,38,0,1
BRDA:320,38,1,4
BRF:78
BRH:70
end_of_record
TN:
SF:src/stores/world.ts
FNF:0
FNH:0
LF:0
LH:0
BRF:0
BRH:0
end_of_record
TN:
SF:src/utils/navigation.ts
FN:26,(anonymous_0)
FN:31,(anonymous_1)
FN:61,(anonymous_2)
FNF:3
FNH:2
FNDA:13,(anonymous_0)
FNDA:5,(anonymous_1)
FNDA:0,(anonymous_2)
DA:15,1
DA:24,1
DA:26,1
DA:27,13
DA:28,13
DA:31,1
DA:35,5
DA:36,5
DA:38,5
DA:39,2
DA:42,3
DA:47,3
DA:48,3
DA:49,2
DA:55,1
DA:61,1
DA:62,0
DA:63,0
DA:64,0
LF:19
LH:16
BRDA:28,0,0,10
BRDA:28,0,1,3
BRDA:38,1,0,2
BRDA:38,1,1,3
BRDA:38,2,0,5
BRDA:38,2,1,4
BRDA:38,2,2,3
BRDA:48,3,0,2
BRDA:48,3,1,1
BRDA:48,4,0,3
BRDA:48,4,1,2
BRDA:48,4,2,2
BRDA:62,5,0,0
BRDA:62,5,1,0
BRDA:63,6,0,0
BRDA:63,6,1,0
BRF:16
BRH:12
end_of_record
TN:
SF:src/views/EditorView.vue
FN:262,(anonymous_0)
FN:265,(anonymous_1)
FN:285,(anonymous_2)
FN:293,(anonymous_3)
FN:301,(anonymous_4)
FN:312,(anonymous_5)
FN:313,(anonymous_6)
FN:319,(anonymous_7)
FN:321,(anonymous_8)
FN:330,(anonymous_9)
FN:341,(anonymous_10)
FN:346,(anonymous_11)
FN:356,(anonymous_12)
FN:369,(anonymous_13)
FN:388,(anonymous_14)
FN:403,(anonymous_15)
FN:420,(anonymous_16)
FN:440,(anonymous_17)
FN:441,(anonymous_18)
FN:442,(anonymous_19)
FN:472,(anonymous_20)
FN:479,(anonymous_21)
FN:480,(anonymous_22)
FN:482,(anonymous_23)
FN:483,(anonymous_24)
FN:485,(anonymous_25)
FN:488,(anonymous_26)
FN:490,(anonymous_27)
FN:501,(anonymous_28)
FN:502,(anonymous_29)
FN:508,(anonymous_30)
FN:523,(anonymous_31)
FN:531,(anonymous_32)
FN:547,(anonymous_33)
FN:556,(anonymous_34)
FN:565,(anonymous_35)
FN:574,(anonymous_36)
FN:594,(anonymous_37)
FN:604,(anonymous_38)
FN:625,(anonymous_39)
FN:637,(anonymous_40)
FN:649,(anonymous_41)
FN:659,(anonymous_42)
FN:674,(anonymous_43)
FN:684,(anonymous_44)
FN:690,(anonymous_45)
FN:698,(anonymous_46)
FN:707,(anonymous_47)
FN:711,(anonymous_48)
FN:749,(anonymous_49)
FN:785,(anonymous_50)
FN:800,(anonymous_51)
FN:54,(anonymous_52)
FN:51,(anonymous_53)
FN:75,(anonymous_54)
FN:87,(anonymous_55)
FN:96,(anonymous_56)
FN:108,(anonymous_57)
FN:119,(anonymous_58)
FN:141,(anonymous_59)
FN:146,(anonymous_60)
FN:145,(anonymous_61)
FN:154,(anonymous_62)
FN:178,(anonymous_63)
FN:190,(anonymous_64)
FN:198,(anonymous_65)
FN:199,(anonymous_66)
FN:207,(anonymous_67)
FN:208,(anonymous_68)
FN:215,(anonymous_69)
FN:216,(anonymous_70)
FN:226,(anonymous_71)
FN:226,(anonymous_72)
FNF:73
FNH:65
FNDA:94,(anonymous_0)
FNDA:24,(anonymous_1)
FNDA:28,(anonymous_2)
FNDA:24,(anonymous_3)
FNDA:24,(anonymous_4)
FNDA:24,(anonymous_5)
FNDA:24,(anonymous_6)
FNDA:24,(anonymous_7)
FNDA:15,(anonymous_8)
FNDA:35,(anonymous_9)
FNDA:2,(anonymous_10)
FNDA:20,(anonymous_11)
FNDA:2,(anonymous_12)
FNDA:23,(anonymous_13)
FNDA:1,(anonymous_14)
FNDA:3,(anonymous_15)
FNDA:3,(anonymous_16)
FNDA:24,(anonymous_17)
FNDA:24,(anonymous_18)
FNDA:10,(anonymous_19)
FNDA:32,(anonymous_20)
FNDA:37,(anonymous_21)
FNDA:34,(anonymous_22)
FNDA:80,(anonymous_23)
FNDA:30,(anonymous_24)
FNDA:38,(anonymous_25)
FNDA:19,(anonymous_26)
FNDA:19,(anonymous_27)
FNDA:2,(anonymous_28)
FNDA:2,(anonymous_29)
FNDA:3,(anonymous_30)
FNDA:19,(anonymous_31)
FNDA:1,(anonymous_32)
FNDA:23,(anonymous_33)
FNDA:4,(anonymous_34)
FNDA:2,(anonymous_35)
FNDA:3,(anonymous_36)
FNDA:2,(anonymous_37)
FNDA:23,(anonymous_38)
FNDA:1,(anonymous_39)
FNDA:2,(anonymous_40)
FNDA:0,(anonymous_41)
FNDA:0,(anonymous_42)
FNDA:24,(anonymous_43)
FNDA:0,(anonymous_44)
FNDA:6,(anonymous_45)
FNDA:0,(anonymous_46)
FNDA:1,(anonymous_47)
FNDA:3,(anonymous_48)
FNDA:6,(anonymous_49)
FNDA:4,(anonymous_50)
FNDA:2,(anonymous_51)
FNDA:1,(anonymous_52)
FNDA:6,(anonymous_53)
FNDA:0,(anonymous_54)
FNDA:6,(anonymous_55)
FNDA:1,(anonymous_56)
FNDA:0,(anonymous_57)
FNDA:0,(anonymous_58)
FNDA:74,(anonymous_59)
FNDA:1,(anonymous_60)
FNDA:74,(anonymous_61)
FNDA:6,(anonymous_62)
FNDA:19,(anonymous_63)
FNDA:19,(anonymous_64)
FNDA:1,(anonymous_65)
FNDA:19,(anonymous_66)
FNDA:2,(anonymous_67)
FNDA:19,(anonymous_68)
FNDA:1,(anonymous_69)
FNDA:19,(anonymous_70)
FNDA:0,(anonymous_71)
FNDA:2,(anonymous_72)
DA:2,119
DA:3,8
DA:8,8
DA:36,8
DA:43,8
DA:46,1
DA:51,6
DA:67,8
DA:70,0
DA:78,8
DA:81,6
DA:90,8
DA:92,1
DA:99,8
DA:102,0
DA:111,8
DA:114,0
DA:124,8
DA:129,8
DA:136,8
DA:137,8
DA:141,74
DA:143,8
DA:144,1
DA:145,74
DA:150,8
DA:154,6
DA:157,8
DA:177,19
DA:183,8
DA:184,8
DA:190,19
DA:193,8
DA:198,1
DA:201,19
DA:207,2
DA:210,19
DA:215,1
DA:218,19
DA:226,0
DA:228,2
DA:256,24
DA:257,24
DA:258,24
DA:259,24
DA:260,24
DA:262,24
DA:263,94
DA:265,24
DA:266,24
DA:267,10
DA:269,14
DA:283,24
DA:285,24
DA:286,28
DA:287,28
DA:288,0
DA:290,28
DA:293,24
DA:294,24
DA:295,24
DA:296,0
DA:298,24
DA:301,24
DA:302,24
DA:303,24
DA:304,21
DA:306,3
DA:307,0
DA:309,3
DA:312,24
DA:313,24
DA:314,24
DA:315,24
DA:316,24
DA:317,24
DA:318,24
DA:319,24
DA:321,24
DA:322,15
DA:323,38
DA:324,15
DA:327,0
DA:330,24
DA:331,35
DA:332,9
DA:334,26
DA:335,26
DA:336,8
DA:338,18
DA:341,24
DA:342,2
DA:343,2
DA:346,24
DA:347,20
DA:348,20
DA:349,20
DA:350,0
DA:352,19
DA:353,19
DA:354,0
DA:356,19
DA:357,2
DA:358,0
DA:360,2
DA:361,2
DA:362,2
DA:363,0
DA:365,2
DA:369,24
DA:370,23
DA:371,23
DA:372,23
DA:373,23
DA:374,23
DA:375,23
DA:376,20
DA:377,20
DA:378,17
DA:381,4
DA:382,4
DA:384,23
DA:388,24
DA:389,1
DA:390,1
DA:391,0
DA:393,1
DA:394,1
DA:395,1
DA:396,1
DA:403,24
DA:404,3
DA:405,3
DA:406,3
DA:413,3
DA:414,3
DA:420,3
DA:421,3
DA:422,3
DA:423,0
DA:425,3
DA:426,3
DA:427,0
DA:429,3
DA:431,3
DA:440,24
DA:441,24
DA:442,24
DA:443,24
DA:444,24
DA:445,24
DA:446,24
DA:447,24
DA:448,24
DA:449,24
DA:450,24
DA:459,24
DA:460,24
DA:461,24
DA:462,24
DA:463,24
DA:464,24
DA:466,24
DA:467,24
DA:468,24
DA:469,24
DA:470,24
DA:472,32
DA:479,37
DA:480,34
DA:482,80
DA:483,30
DA:485,24
DA:486,38
DA:488,24
DA:490,24
DA:491,19
DA:492,19
DA:493,3
DA:495,16
DA:496,3
DA:498,13
DA:501,24
DA:502,2
DA:503,2
DA:504,2
DA:508,24
DA:509,3
DA:510,3
DA:511,3
DA:514,3
DA:515,1
DA:517,2
DA:519,1
DA:523,24
DA:524,19
DA:525,19
DA:526,19
DA:528,0
DA:531,24
DA:532,1
DA:533,1
DA:534,1
DA:538,0
DA:539,1
DA:541,1
DA:542,1
DA:543,1
DA:547,24
DA:548,23
DA:549,23
DA:550,23
DA:551,23
DA:552,0
DA:554,23
DA:555,23
DA:556,4
DA:558,23
DA:559,23
DA:561,0
DA:565,24
DA:566,2
DA:573,2
DA:575,3
DA:576,0
DA:578,3
DA:579,3
DA:580,3
DA:581,0
DA:583,3
DA:594,24
DA:595,2
DA:596,1
DA:597,1
DA:598,1
DA:600,1
DA:601,1
DA:604,24
DA:605,23
DA:606,23
DA:607,23
DA:608,23
DA:609,1
DA:611,22
DA:612,22
DA:613,22
DA:614,1
DA:616,22
DA:617,1
DA:621,1
DA:625,24
DA:626,1
DA:627,1
DA:628,1
DA:631,1
DA:633,0
DA:637,24
DA:638,2
DA:639,2
DA:640,2
DA:641,2
DA:642,2
DA:643,2
DA:645,0
DA:649,24
DA:650,0
DA:651,0
DA:652,0
DA:653,0
DA:655,0
DA:659,24
DA:660,0
DA:661,0
DA:662,0
DA:663,0
DA:664,0
DA:665,0
DA:667,0
DA:668,0
DA:670,0
DA:674,24
DA:675,24
DA:676,1
DA:679,23
DA:680,23
DA:681,23
DA:684,24
DA:685,0
DA:686,0
DA:690,24
DA:691,6
DA:692,6
DA:693,5
DA:694,5
DA:698,24
DA:699,0
DA:700,0
DA:701,0
DA:702,0
DA:707,24
DA:708,1
DA:711,24
DA:712,3
DA:713,0
DA:714,0
DA:716,3
DA:717,3
DA:718,3
DA:719,2
DA:720,2
DA:721,3
DA:723,3
DA:727,3
DA:731,3
DA:734,3
DA:735,3
DA:736,3
DA:737,3
DA:738,3
DA:739,3
DA:740,3
DA:741,3
DA:742,3
DA:743,2
DA:745,1
DA:749,24
DA:750,6
DA:751,0
DA:752,0
DA:754,6
DA:755,6
DA:756,1
DA:757,1
DA:759,5
DA:760,5
DA:761,5
DA:762,5
DA:763,6
DA:764,6
DA:765,6
DA:769,4
DA:770,6
DA:777,4
DA:779,1
DA:781,5
DA:785,24
DA:786,4
DA:787,1
DA:788,1
DA:790,3
DA:791,3
DA:792,3
DA:793,3
DA:794,4
DA:796,0
DA:800,24
DA:801,2
DA:802,1
DA:803,1
DA:805,1
DA:806,1
DA:807,1
DA:808,1
DA:809,1
DA:810,2
DA:811,2
DA:813,0
LF:367
LH:318
BRDA:263,0,0,59
BRDA:263,0,1,35
BRDA:263,1,0,94
BRDA:263,1,1,61
BRDA:266,2,0,10
BRDA:266,2,1,14
BRDA:266,3,0,24
BRDA:266,3,1,10
BRDA:270,4,0,1
BRDA:270,4,1,13
BRDA:287,5,0,0
BRDA:287,5,1,28
BRDA:295,6,0,0
BRDA:295,6,1,24
BRDA:303,7,0,21
BRDA:303,7,1,3
BRDA:306,8,0,0
BRDA:306,8,1,3
BRDA:319,9,0,24
BRDA:319,9,1,23
BRDA:323,10,0,15
BRDA:323,10,1,23
BRDA:323,11,0,38
BRDA:323,11,1,22
BRDA:331,12,0,9
BRDA:331,12,1,26
BRDA:335,13,0,8
BRDA:335,13,1,18
BRDA:335,14,0,26
BRDA:335,14,1,8
BRDA:342,15,0,0
BRDA:342,15,1,2
BRDA:343,16,0,2
BRDA:343,16,1,2
BRDA:347,17,0,0
BRDA:347,17,1,20
BRDA:348,18,0,20
BRDA:348,18,1,19
BRDA:349,19,0,0
BRDA:349,19,1,20
BRDA:349,20,0,20
BRDA:349,20,1,19
BRDA:353,21,0,0
BRDA:353,21,1,19
BRDA:357,22,0,0
BRDA:357,22,1,2
BRDA:357,23,0,2
BRDA:357,23,1,2
BRDA:361,24,0,2
BRDA:361,24,1,0
BRDA:362,25,0,0
BRDA:362,25,1,2
BRDA:377,26,0,17
BRDA:377,26,1,3
BRDA:377,27,0,20
BRDA:377,27,1,17
BRDA:382,28,0,4
BRDA:382,28,1,0
BRDA:390,29,0,0
BRDA:390,29,1,1
BRDA:422,30,0,0
BRDA:422,30,1,3
BRDA:422,31,0,3
BRDA:422,31,1,0
BRDA:422,31,2,0
BRDA:426,32,0,0
BRDA:426,32,1,3
BRDA:426,33,0,3
BRDA:426,33,1,0
BRDA:426,33,2,0
BRDA:482,34,0,80
BRDA:482,34,1,57
BRDA:486,35,0,38
BRDA:486,35,1,0
BRDA:492,36,0,3
BRDA:492,36,1,16
BRDA:495,37,0,3
BRDA:495,37,1,13
BRDA:503,38,0,2
BRDA:503,38,1,0
BRDA:514,39,0,1
BRDA:514,39,1,2
BRDA:525,40,0,19
BRDA:525,40,1,0
BRDA:525,41,0,19
BRDA:525,41,1,2
BRDA:538,42,0,0
BRDA:538,42,1,0
BRDA:539,43,0,1
BRDA:539,43,1,0
BRDA:551,44,0,0
BRDA:551,44,1,23
BRDA:566,45,0,1
BRDA:566,45,1,1
BRDA:568,46,0,1
BRDA:568,46,1,0
BRDA:568,47,0,1
BRDA:568,47,1,1
BRDA:568,47,2,1
BRDA:575,48,0,0
BRDA:575,48,1,3
BRDA:575,49,0,3
BRDA:575,49,1,3
BRDA:579,50,0,3
BRDA:579,50,1,0
BRDA:580,51,0,0
BRDA:580,51,1,3
BRDA:586,52,0,0
BRDA:586,52,1,3
BRDA:586,53,0,3
BRDA:586,53,1,3
BRDA:587,54,0,0
BRDA:587,54,1,3
BRDA:588,55,0,0
BRDA:588,55,1,3
BRDA:595,56,0,1
BRDA:595,56,1,1
BRDA:608,57,0,1
BRDA:608,57,1,22
BRDA:612,58,0,22
BRDA:612,58,1,0
BRDA:613,59,0,1
BRDA:613,59,1,21
BRDA:616,60,0,1
BRDA:616,60,1,21
BRDA:631,61,0,1
BRDA:631,61,1,1
BRDA:664,62,0,0
BRDA:664,62,1,0
BRDA:675,63,0,1
BRDA:675,63,1,23
BRDA:685,64,0,0
BRDA:685,64,1,0
BRDA:685,65,0,0
BRDA:685,65,1,0
BRDA:692,66,0,5
BRDA:692,66,1,1
BRDA:700,67,0,0
BRDA:700,67,1,0
BRDA:712,68,0,0
BRDA:712,68,1,3
BRDA:720,69,0,2
BRDA:720,69,1,0
BRDA:721,70,0,3
BRDA:721,70,1,1
BRDA:723,71,0,3
BRDA:723,71,1,0
BRDA:723,71,2,0
BRDA:727,72,0,3
BRDA:727,72,1,1
BRDA:727,72,2,1
BRDA:727,72,3,0
BRDA:731,73,0,3
BRDA:731,73,1,2
BRDA:731,73,2,2
BRDA:743,74,0,2
BRDA:743,74,1,0
BRDA:750,75,0,0
BRDA:750,75,1,6
BRDA:755,76,0,1
BRDA:755,76,1,5
BRDA:762,77,0,5
BRDA:762,77,1,0
BRDA:769,78,0,4
BRDA:769,78,1,4
BRDA:786,79,0,1
BRDA:786,79,1,3
BRDA:793,80,0,3
BRDA:793,80,1,0
BRDA:801,81,0,1
BRDA:801,81,1,1
BRDA:809,82,0,1
BRDA:809,82,1,0
BRDA:16,83,0,119
BRDA:16,83,1,24
BRDA:10,84,0,119
BRDA:10,84,1,109
BRDA:13,85,0,28
BRDA:13,85,1,91
BRDA:14,86,0,5
BRDA:14,86,1,114
BRDA:18,87,0,10
BRDA:18,87,1,109
BRDA:23,88,0,10
BRDA:23,88,1,109
BRDA:26,89,0,10
BRDA:26,89,1,3
BRDA:57,90,0,119
BRDA:57,90,1,24
BRDA:29,91,0,1
BRDA:29,91,1,118
BRDA:33,92,0,1
BRDA:33,92,1,1
BRDA:34,93,0,5
BRDA:34,93,1,113
BRDA:37,94,0,5
BRDA:37,94,1,4
BRDA:38,95,0,110
BRDA:38,95,1,3
BRDA:41,96,0,110
BRDA:41,96,1,23
BRDA:55,97,0,3
BRDA:55,97,1,1
BRDA:54,98,0,3
BRDA:54,98,1,1
BRDA:76,99,0,119
BRDA:76,99,1,24
BRDA:75,100,0,119
BRDA:75,100,1,24
BRDA:88,101,0,119
BRDA:88,101,1,24
BRDA:87,102,0,119
BRDA:87,102,1,24
BRDA:97,103,0,119
BRDA:97,103,1,24
BRDA:96,104,0,119
BRDA:96,104,1,24
BRDA:92,105,0,119
BRDA:92,105,1,24
BRDA:109,106,0,119
BRDA:109,106,1,24
BRDA:108,107,0,119
BRDA:108,107,1,24
BRDA:120,108,0,119
BRDA:120,108,1,24
BRDA:119,109,0,119
BRDA:119,109,1,24
BRDA:127,110,0,119
BRDA:127,110,1,24
BRDA:132,111,0,119
BRDA:132,111,1,24
BRDA:169,112,0,119
BRDA:169,112,1,24
BRDA:149,113,0,119
BRDA:149,113,1,24
BRDA:146,114,0,119
BRDA:146,114,1,24
BRDA:156,115,0,119
BRDA:156,115,1,24
BRDA:167,116,0,119
BRDA:167,116,1,24
BRDA:164,117,0,0
BRDA:164,117,1,119
BRDA:238,118,0,119
BRDA:238,118,1,24
BRDA:173,119,0,100
BRDA:173,119,1,19
BRDA:201,120,0,19
BRDA:201,120,1,4
BRDA:210,121,0,19
BRDA:210,121,1,4
BRDA:218,122,0,19
BRDA:218,122,1,4
BRDA:221,123,0,2
BRDA:221,123,1,NaN
BRDA:228,124,0,2
BRDA:228,124,1,1
BRDA:230,125,0,0
BRDA:230,125,1,19
BRDA:233,126,0,0
BRDA:233,126,1,19
BRF:261
BRH:206
end_of_record
TN:
SF:src/views/HomeView.vue
FN:153,(anonymous_0)
FN:154,(anonymous_1)
FN:157,(anonymous_2)
FN:162,(anonymous_3)
FN:165,(anonymous_4)
FN:169,(anonymous_5)
FN:181,(anonymous_6)
FN:186,(anonymous_7)
FN:192,(anonymous_8)
FN:203,(anonymous_9)
FN:204,(anonymous_10)
FN:209,(anonymous_11)
FN:212,(anonymous_12)
FN:245,(anonymous_13)
FN:9,(anonymous_14)
FN:9,(anonymous_15)
FN:10,(anonymous_16)
FN:10,(anonymous_17)
FN:18,(anonymous_18)
FN:20,(anonymous_19)
FN:24,(anonymous_20)
FN:26,(anonymous_21)
FN:27,(anonymous_22)
FN:28,(anonymous_23)
FN:31,(anonymous_24)
FN:32,(anonymous_25)
FN:35,(anonymous_26)
FN:35,(anonymous_27)
FN:37,(anonymous_28)
FN:40,(anonymous_29)
FN:40,(anonymous_30)
FN:41,(anonymous_31)
FN:41,(anonymous_32)
FN:42,(anonymous_33)
FN:42,(anonymous_34)
FN:49,(anonymous_35)
FN:49,(anonymous_36)
FN:58,(anonymous_37)
FN:66,(anonymous_38)
FN:72,(anonymous_39)
FN:86,(anonymous_40)
FN:91,(anonymous_41)
FN:93,(anonymous_42)
FN:98,(anonymous_43)
FN:106,(anonymous_44)
FN:107,(anonymous_45)
FN:119,(anonymous_46)
FN:119,(anonymous_47)
FN:125,(anonymous_48)
FN:126,(anonymous_49)
FN:131,(anonymous_50)
FN:131,(anonymous_51)
FN:132,(anonymous_52)
FNF:53
FNH:45
FNDA:4,(anonymous_0)
FNDA:3,(anonymous_1)
FNDA:11,(anonymous_2)
FNDA:14,(anonymous_3)
FNDA:0,(anonymous_4)
FNDA:8,(anonymous_5)
FNDA:1,(anonymous_6)
FNDA:3,(anonymous_7)
FNDA:2,(anonymous_8)
FNDA:1,(anonymous_9)
FNDA:1,(anonymous_10)
FNDA:8,(anonymous_11)
FNDA:5,(anonymous_12)
FNDA:2,(anonymous_13)
FNDA:1,(anonymous_14)
FNDA:23,(anonymous_15)
FNDA:1,(anonymous_16)
FNDA:23,(anonymous_17)
FNDA:2,(anonymous_18)
FNDA:0,(anonymous_19)
FNDA:24,(anonymous_20)
FNDA:10,(anonymous_21)
FNDA:10,(anonymous_22)
FNDA:7,(anonymous_23)
FNDA:10,(anonymous_24)
FNDA:0,(anonymous_25)
FNDA:10,(anonymous_26)
FNDA:10,(anonymous_27)
FNDA:10,(anonymous_28)
FNDA:0,(anonymous_29)
FNDA:11,(anonymous_30)
FNDA:0,(anonymous_31)
FNDA:11,(anonymous_32)
FNDA:0,(anonymous_33)
FNDA:11,(anonymous_34)
FNDA:0,(anonymous_35)
FNDA:13,(anonymous_36)
FNDA:22,(anonymous_37)
FNDA:2,(anonymous_38)
FNDA:25,(anonymous_39)
FNDA:22,(anonymous_40)
FNDA:1,(anonymous_41)
FNDA:22,(anonymous_42)
FNDA:8,(anonymous_43)
FNDA:1,(anonymous_44)
FNDA:22,(anonymous_45)
FNDA:22,(anonymous_46)
FNDA:88,(anonymous_47)
FNDA:88,(anonymous_48)
FNDA:88,(anonymous_49)
FNDA:0,(anonymous_50)
FNDA:88,(anonymous_51)
FNDA:88,(anonymous_52)
DA:2,34
DA:3,3
DA:8,3
DA:9,23
DA:10,23
DA:18,3
DA:20,0
DA:21,2
DA:27,10
DA:28,7
DA:29,10
DA:31,10
DA:32,0
DA:35,10
DA:37,10
DA:39,3
DA:40,11
DA:41,11
DA:42,11
DA:44,24
DA:48,3
DA:49,13
DA:54,3
DA:55,3
DA:56,3
DA:58,22
DA:60,3
DA:62,2
DA:74,25
DA:85,22
DA:91,1
DA:93,22
DA:94,3
DA:95,3
DA:98,8
DA:100,3
DA:101,3
DA:106,1
DA:109,22
DA:115,3
DA:118,88
DA:119,22
DA:126,3
DA:127,3
DA:128,3
DA:129,88
DA:130,3
DA:131,88
DA:132,88
DA:134,88
DA:147,8
DA:148,8
DA:150,8
DA:151,8
DA:153,8
DA:154,4
DA:157,11
DA:159,8
DA:160,8
DA:161,8
DA:162,14
DA:165,8
DA:166,0
DA:169,8
DA:170,8
DA:171,8
DA:172,8
DA:173,8
DA:175,0
DA:177,8
DA:181,8
DA:182,1
DA:183,1
DA:186,8
DA:187,3
DA:188,1
DA:190,2
DA:191,2
DA:192,2
DA:193,2
DA:194,2
DA:195,2
DA:196,2
DA:199,2
DA:203,8
DA:204,1
DA:205,1
DA:209,8
DA:210,8
DA:211,8
DA:212,5
DA:213,5
DA:218,8
DA:245,8
DA:246,2
LF:95
LH:91
BRDA:162,0,0,14
BRDA:162,0,1,4
BRDA:162,0,2,2
BRDA:166,1,0,0
BRDA:166,1,1,0
BRDA:187,2,0,1
BRDA:187,2,1,2
BRDA:211,3,0,5
BRDA:211,3,1,3
BRDA:12,4,0,34
BRDA:12,4,1,8
BRDA:9,5,0,34
BRDA:9,5,1,8
BRDA:9,6,0,23
BRDA:9,6,1,8
BRDA:10,7,0,34
BRDA:10,7,1,8
BRDA:10,8,0,23
BRDA:10,8,1,8
BRDA:21,9,0,2
BRDA:21,9,1,1
BRDA:20,10,0,0
BRDA:20,10,1,0
BRDA:24,11,0,11
BRDA:24,11,1,13
BRDA:27,12,0,3
BRDA:27,12,1,7
BRDA:28,13,0,7
BRDA:28,13,1,1
BRDA:31,14,0,10
BRDA:31,14,1,0
BRDA:32,15,0,0
BRDA:32,15,1,0
BRDA:35,16,0,10
BRDA:35,16,1,4
BRDA:37,17,0,10
BRDA:37,17,1,4
BRDA:40,18,0,11
BRDA:40,18,1,5
BRDA:40,19,0,11
BRDA:40,19,1,5
BRDA:41,20,0,11
BRDA:41,20,1,5
BRDA:41,21,0,11
BRDA:41,21,1,5
BRDA:42,22,0,11
BRDA:42,22,1,5
BRDA:42,23,0,11
BRDA:42,23,1,5
BRDA:49,24,0,13
BRDA:49,24,1,5
BRDA:49,25,0,13
BRDA:49,25,1,5
BRDA:59,26,0,34
BRDA:59,26,1,8
BRDA:58,27,0,22
BRDA:58,27,1,7
BRDA:66,28,0,34
BRDA:66,28,1,8
BRDA:74,29,0,25
BRDA:74,29,1,8
BRDA:78,30,0,18
BRDA:78,30,1,16
BRDA:99,31,0,22
BRDA:99,31,1,5
BRDA:97,32,0,0
BRDA:97,32,1,22
BRDA:98,33,0,8
BRDA:98,33,1,4
BRDA:109,34,0,22
BRDA:109,34,1,5
BRDA:137,35,0,34
BRDA:137,35,1,8
BRDA:131,36,0,88
BRDA:131,36,1,7
BRF:75
BRH:67
end_of_record
TN:
SF:src/views/SettingsView.vue
FN:100,(anonymous_0)
FN:122,(anonymous_1)
FN:131,(anonymous_2)
FN:142,(anonymous_3)
FN:157,(anonymous_4)
FN:171,(anonymous_5)
FN:182,(anonymous_6)
FN:199,(anonymous_7)
FN:205,(anonymous_8)
FN:206,(anonymous_9)
FN:24,(anonymous_10)
FN:34,(anonymous_11)
FN:44,(anonymous_12)
FN:54,(anonymous_13)
FN:63,(anonymous_14)
FN:75,(anonymous_15)
FN:83,(anonymous_16)
FNF:17
FNH:15
FNDA:4,(anonymous_0)
FNDA:6,(anonymous_1)
FNDA:6,(anonymous_2)
FNDA:3,(anonymous_3)
FNDA:2,(anonymous_4)
FNDA:4,(anonymous_5)
FNDA:3,(anonymous_6)
FNDA:0,(anonymous_7)
FNDA:4,(anonymous_8)
FNDA:0,(anonymous_9)
FNDA:3,(anonymous_10)
FNDA:1,(anonymous_11)
FNDA:1,(anonymous_12)
FNDA:1,(anonymous_13)
FNDA:1,(anonymous_14)
FNDA:1,(anonymous_15)
FNDA:1,(anonymous_16)
DA:2,26
DA:3,2
DA:8,2
DA:22,2
DA:24,3
DA:26,2
DA:29,1
DA:36,2
DA:39,1
DA:46,2
DA:49,1
DA:56,2
DA:59,1
DA:71,2
DA:73,2
DA:75,1
DA:77,2
DA:79,1
DA:100,4
DA:114,4
DA:115,4
DA:116,4
DA:118,4
DA:119,4
DA:120,4
DA:122,4
DA:123,6
DA:124,1
DA:126,5
DA:127,0
DA:131,4
DA:132,6
DA:133,6
DA:134,6
DA:135,6
DA:136,6
DA:137,6
DA:138,6
DA:139,6
DA:142,4
DA:143,3
DA:144,1
DA:146,2
DA:147,0
DA:149,2
DA:150,0
DA:152,2
DA:153,0
DA:157,4
DA:171,4
DA:172,4
DA:173,4
DA:174,4
DA:175,4
DA:176,4
DA:178,4
DA:182,4
DA:183,3
DA:184,3
DA:185,3
DA:186,3
DA:187,3
DA:188,3
DA:189,3
DA:190,2
DA:191,2
DA:193,2
DA:195,3
DA:199,4
DA:200,0
DA:201,0
DA:202,0
DA:205,4
DA:206,4
DA:207,0
LF:75
LH:67
BRDA:123,0,0,1
BRDA:123,0,1,5
BRDA:123,1,0,6
BRDA:123,1,1,5
BRDA:126,2,0,0
BRDA:126,2,1,5
BRDA:126,3,0,5
BRDA:126,3,1,5
BRDA:143,4,0,1
BRDA:143,4,1,2
BRDA:146,5,0,0
BRDA:146,5,1,2
BRDA:149,6,0,0
BRDA:149,6,1,2
BRDA:149,7,0,2
BRDA:149,7,1,2
BRDA:152,8,0,0
BRDA:152,8,1,2
BRDA:152,9,0,2
BRDA:152,9,1,2
BRDA:193,10,0,2
BRDA:193,10,1,0
BRDA:207,11,0,0
BRDA:207,11,1,0
BRDA:16,12,0,26
BRDA:16,12,1,4
BRDA:69,13,0,26
BRDA:69,13,1,4
BRDA:25,14,0,26
BRDA:25,14,1,4
BRDA:24,15,0,26
BRDA:24,15,1,4
BRDA:35,16,0,26
BRDA:35,16,1,4
BRDA:34,17,0,26
BRDA:34,17,1,4
BRDA:45,18,0,26
BRDA:45,18,1,4
BRDA:44,19,0,26
BRDA:44,19,1,4
BRDA:55,20,0,26
BRDA:55,20,1,4
BRDA:54,21,0,26
BRDA:54,21,1,4
BRDA:64,22,0,26
BRDA:64,22,1,4
BRDA:63,23,0,26
BRDA:63,23,1,4
BRDA:85,24,0,26
BRDA:85,24,1,4
BRDA:76,25,0,26
BRDA:76,25,1,4
BRDA:75,26,0,26
BRDA:75,26,1,4
BRDA:84,27,0,26
BRDA:84,27,1,4
BRDA:83,28,0,26
BRDA:83,28,1,4
BRDA:87,29,0,1
BRDA:87,29,1,25
BRF:60
BRH:53
end_of_record
TN:
SF:src/views/SimulationView.vue
FN:146,(anonymous_0)
FN:149,(anonymous_1)
FN:168,(anonymous_2)
FN:169,(anonymous_3)
FN:179,(anonymous_4)
FN:180,(anonymous_5)
FN:181,(anonymous_6)
FN:198,(anonymous_7)
FN:199,(anonymous_8)
FN:213,(anonymous_9)
FN:215,(anonymous_10)
FN:216,(anonymous_11)
FN:222,(anonymous_12)
FN:239,(anonymous_13)
FN:245,(anonymous_14)
FN:249,(anonymous_15)
FN:254,(anonymous_16)
FN:275,(anonymous_17)
FN:285,(anonymous_18)
FN:298,(anonymous_19)
FN:320,(anonymous_20)
FN:338,(anonymous_21)
FN:377,(anonymous_22)
FN:388,(anonymous_23)
FN:404,(anonymous_24)
FN:412,(anonymous_25)
FN:414,(anonymous_26)
FN:420,(anonymous_27)
FN:430,(anonymous_28)
FN:461,(anonymous_29)
FN:465,(anonymous_30)
FN:472,(anonymous_31)
FN:477,(anonymous_32)
FN:483,(anonymous_33)
FN:505,(anonymous_34)
FN:542,(anonymous_35)
FN:574,(anonymous_36)
FN:579,(anonymous_37)
FN:43,(anonymous_38)
FN:40,(anonymous_39)
FN:69,(anonymous_40)
FNF:41
FNH:41
FNDA:66,(anonymous_0)
FNDA:35,(anonymous_1)
FNDA:46,(anonymous_2)
FNDA:36,(anonymous_3)
FNDA:36,(anonymous_4)
FNDA:35,(anonymous_5)
FNDA:28,(anonymous_6)
FNDA:165,(anonymous_7)
FNDA:44,(anonymous_8)
FNDA:13,(anonymous_9)
FNDA:2,(anonymous_10)
FNDA:2,(anonymous_11)
FNDA:5,(anonymous_12)
FNDA:83,(anonymous_13)
FNDA:42,(anonymous_14)
FNDA:1,(anonymous_15)
FNDA:39,(anonymous_16)
FNDA:31,(anonymous_17)
FNDA:3,(anonymous_18)
FNDA:31,(anonymous_19)
FNDA:1,(anonymous_20)
FNDA:13,(anonymous_21)
FNDA:34,(anonymous_22)
FNDA:35,(anonymous_23)
FNDA:13,(anonymous_24)
FNDA:13,(anonymous_25)
FNDA:13,(anonymous_26)
FNDA:44,(anonymous_27)
FNDA:38,(anonymous_28)
FNDA:35,(anonymous_29)
FNDA:31,(anonymous_30)
FNDA:3,(anonymous_31)
FNDA:1,(anonymous_32)
FNDA:4,(anonymous_33)
FNDA:8,(anonymous_34)
FNDA:6,(anonymous_35)
FNDA:1,(anonymous_36)
FNDA:1,(anonymous_37)
FNDA:1,(anonymous_38)
FNDA:5,(anonymous_39)
FNDA:39,(anonymous_40)
DA:2,201
DA:3,9
DA:8,9
DA:25,9
DA:32,9
DA:35,1
DA:40,5
DA:53,9
DA:69,39
DA:70,9
DA:71,9
DA:78,9
DA:81,9
DA:141,35
DA:142,35
DA:143,35
DA:144,35
DA:146,35
DA:147,66
DA:149,35
DA:150,35
DA:151,29
DA:153,6
DA:167,35
DA:168,46
DA:169,35
DA:170,36
DA:171,36
DA:172,30
DA:174,6
DA:175,1
DA:177,5
DA:179,36
DA:180,35
DA:181,35
DA:182,28
DA:183,28
DA:184,0
DA:186,28
DA:188,35
DA:189,35
DA:190,35
DA:191,35
DA:192,35
DA:193,35
DA:194,35
DA:195,35
DA:196,35
DA:198,165
DA:199,35
DA:200,44
DA:201,6
DA:203,38
DA:204,1
DA:206,37
DA:208,35
DA:209,35
DA:210,35
DA:211,35
DA:212,35
DA:213,35
DA:215,35
DA:216,2
DA:222,35
DA:223,5
DA:224,5
DA:225,5
DA:226,2
DA:228,3
DA:229,0
DA:231,3
DA:232,3
DA:234,0
DA:237,35
DA:239,35
DA:240,83
DA:241,2
DA:245,35
DA:246,42
DA:247,41
DA:249,1
DA:250,1
DA:254,35
DA:255,39
DA:256,39
DA:257,39
DA:258,0
DA:260,39
DA:262,39
DA:267,39
DA:268,0
DA:270,39
DA:271,39
DA:272,39
DA:275,35
DA:276,31
DA:277,31
DA:278,31
DA:279,0
DA:281,30
DA:282,30
DA:283,0
DA:285,30
DA:286,3
DA:287,0
DA:289,3
DA:290,3
DA:291,3
DA:292,0
DA:294,3
DA:298,35
DA:299,31
DA:300,31
DA:301,31
DA:302,31
DA:303,31
DA:304,31
DA:305,0
DA:307,31
DA:308,31
DA:309,31
DA:310,29
DA:313,1
DA:314,1
DA:316,31
DA:320,35
DA:321,1
DA:322,1
DA:323,0
DA:325,1
DA:326,1
DA:327,1
DA:328,0
DA:330,1
DA:331,1
DA:338,35
DA:339,13
DA:340,13
DA:341,13
DA:342,0
DA:345,13
DA:348,13
DA:349,0
DA:351,13
DA:352,13
DA:353,13
DA:377,35
DA:378,34
DA:379,34
DA:380,0
DA:382,33
DA:383,33
DA:385,0
DA:388,35
DA:389,35
DA:390,35
DA:391,35
DA:392,0
DA:394,35
DA:397,34
DA:398,35
DA:399,0
DA:401,33
DA:402,20
DA:404,13
DA:405,13
DA:406,13
DA:407,0
DA:409,13
DA:411,13
DA:412,13
DA:414,13
DA:415,13
DA:417,13
DA:420,35
DA:421,44
DA:422,44
DA:423,44
DA:424,44
DA:425,39
DA:426,39
DA:427,39
DA:430,35
DA:431,38
DA:432,3
DA:433,3
DA:434,3
DA:435,3
DA:436,3
DA:437,0
DA:439,3
DA:441,35
DA:442,35
DA:443,35
DA:444,35
DA:445,35
DA:446,33
DA:447,33
DA:448,33
DA:450,2
DA:451,2
DA:452,2
DA:453,0
DA:455,2
DA:457,35
DA:461,35
DA:462,35
DA:463,4
DA:465,31
DA:466,31
DA:467,31
DA:468,1
DA:470,30
DA:471,27
DA:473,3
DA:477,35
DA:478,1
DA:479,0
DA:483,35
DA:484,4
DA:485,0
DA:487,4
DA:494,4
DA:495,4
DA:496,4
DA:497,2
DA:498,2
DA:499,2
DA:501,2
DA:505,35
DA:506,8
DA:507,0
DA:509,8
DA:510,8
DA:511,8
DA:512,8
DA:513,8
DA:514,8
DA:522,8
DA:527,8
DA:528,8
DA:529,8
DA:530,5
DA:531,5
DA:533,8
DA:534,8
DA:535,8
DA:538,0
DA:542,35
DA:543,6
DA:544,0
DA:546,6
DA:547,6
DA:548,6
DA:549,4
DA:550,4
DA:551,0
DA:553,4
DA:561,4
DA:562,6
DA:570,2
DA:574,35
DA:575,1
DA:576,1
DA:579,35
DA:580,1
DA:581,1
DA:582,1
DA:583,1
DA:584,1
LF:270
LH:243
BRDA:147,0,0,36
BRDA:147,0,1,30
BRDA:147,1,0,66
BRDA:147,1,1,46
BRDA:150,2,0,29
BRDA:150,2,1,6
BRDA:150,3,0,35
BRDA:150,3,1,30
BRDA:154,4,0,0
BRDA:154,4,1,6
BRDA:171,5,0,30
BRDA:171,5,1,6
BRDA:174,6,0,1
BRDA:174,6,1,5
BRDA:180,7,0,35
BRDA:180,7,1,32
BRDA:183,8,0,0
BRDA:183,8,1,28
BRDA:198,9,0,165
BRDA:198,9,1,134
BRDA:200,10,0,6
BRDA:200,10,1,38
BRDA:203,11,0,1
BRDA:203,11,1,37
BRDA:213,12,0,13
BRDA:213,12,1,0
BRDA:217,13,0,2
BRDA:217,13,1,0
BRDA:218,14,0,2
BRDA:218,14,1,0
BRDA:219,15,0,2
BRDA:219,15,1,0
BRDA:225,16,0,2
BRDA:225,16,1,3
BRDA:225,17,0,5
BRDA:225,17,1,2
BRDA:228,18,0,0
BRDA:228,18,1,3
BRDA:231,19,0,3
BRDA:231,19,1,0
BRDA:231,20,0,3
BRDA:231,20,1,3
BRDA:240,21,0,2
BRDA:240,21,1,81
BRDA:246,22,0,41
BRDA:246,22,1,1
BRDA:249,23,0,1
BRDA:249,23,1,0
BRDA:255,24,0,4
BRDA:255,24,1,35
BRDA:256,25,0,39
BRDA:256,25,1,9
BRDA:257,26,0,0
BRDA:257,26,1,39
BRDA:257,27,0,39
BRDA:257,27,1,39
BRDA:257,27,2,39
BRDA:262,28,0,30
BRDA:262,28,1,9
BRDA:262,29,0,39
BRDA:262,29,1,30
BRDA:264,30,0,7
BRDA:264,30,1,2
BRDA:264,31,0,9
BRDA:264,31,1,7
BRDA:267,32,0,0
BRDA:267,32,1,39
BRDA:267,33,0,39
BRDA:267,33,1,39
BRDA:276,34,0,0
BRDA:276,34,1,31
BRDA:277,35,0,31
BRDA:277,35,1,30
BRDA:278,36,0,0
BRDA:278,36,1,31
BRDA:278,37,0,31
BRDA:278,37,1,30
BRDA:282,38,0,0
BRDA:282,38,1,30
BRDA:286,39,0,0
BRDA:286,39,1,3
BRDA:286,40,0,3
BRDA:286,40,1,3
BRDA:290,41,0,3
BRDA:290,41,1,0
BRDA:291,42,0,0
BRDA:291,42,1,3
BRDA:304,43,0,0
BRDA:304,43,1,31
BRDA:304,44,0,31
BRDA:304,44,1,31
BRDA:309,45,0,29
BRDA:309,45,1,2
BRDA:309,46,0,31
BRDA:309,46,1,29
BRDA:314,47,0,1
BRDA:314,47,1,0
BRDA:322,48,0,0
BRDA:322,48,1,1
BRDA:327,49,0,0
BRDA:327,49,1,1
BRDA:327,50,0,1
BRDA:327,50,1,1
BRDA:339,51,0,13
BRDA:339,51,1,0
BRDA:340,52,0,13
BRDA:340,52,1,0
BRDA:341,53,0,0
BRDA:341,53,1,13
BRDA:341,54,0,13
BRDA:341,54,1,13
BRDA:345,55,0,13
BRDA:345,55,1,0
BRDA:345,56,0,13
BRDA:345,56,1,13
BRDA:348,57,0,0
BRDA:348,57,1,13
BRDA:358,58,0,13
BRDA:358,58,1,0
BRDA:358,59,0,13
BRDA:358,59,1,13
BRDA:358,59,2,13
BRDA:361,60,0,13
BRDA:361,60,1,0
BRDA:362,61,0,13
BRDA:362,61,1,0
BRDA:365,62,0,13
BRDA:365,62,1,0
BRDA:367,63,0,13
BRDA:367,63,1,0
BRDA:367,64,0,13
BRDA:367,64,1,13
BRDA:367,64,2,13
BRDA:370,65,0,13
BRDA:370,65,1,0
BRDA:371,66,0,13
BRDA:371,66,1,0
BRDA:378,67,0,34
BRDA:378,67,1,33
BRDA:379,68,0,0
BRDA:379,68,1,34
BRDA:382,69,0,33
BRDA:382,69,1,0
BRDA:382,70,0,33
BRDA:382,70,1,33
BRDA:391,71,0,0
BRDA:391,71,1,35
BRDA:391,72,0,35
BRDA:391,72,1,35
BRDA:397,73,0,34
BRDA:397,73,1,0
BRDA:398,74,0,0
BRDA:398,74,1,35
BRDA:401,75,0,20
BRDA:401,75,1,13
BRDA:402,76,0,20
BRDA:402,76,1,20
BRDA:405,77,0,13
BRDA:405,77,1,0
BRDA:406,78,0,0
BRDA:406,78,1,13
BRDA:417,79,0,13
BRDA:417,79,1,11
BRDA:430,80,0,38
BRDA:431,81,0,3
BRDA:431,81,1,35
BRDA:436,82,0,0
BRDA:436,82,1,3
BRDA:450,83,0,2
BRDA:450,83,1,0
BRDA:452,84,0,0
BRDA:452,84,1,2
BRDA:462,85,0,4
BRDA:462,85,1,31
BRDA:467,86,0,1
BRDA:467,86,1,30
BRDA:478,87,0,0
BRDA:478,87,1,1
BRDA:478,88,0,1
BRDA:478,88,1,1
BRDA:484,89,0,0
BRDA:484,89,1,4
BRDA:506,90,0,0
BRDA:506,90,1,8
BRDA:529,91,0,5
BRDA:529,91,1,3
BRDA:536,92,0,6
BRDA:536,92,1,2
BRDA:543,93,0,0
BRDA:543,93,1,6
BRDA:550,94,0,0
BRDA:550,94,1,4
BRDA:550,95,0,4
BRDA:550,95,1,4
BRDA:561,96,0,0
BRDA:561,96,1,4
BRDA:7,97,0,201
BRDA:7,97,1,35
BRDA:46,98,0,201
BRDA:46,98,1,35
BRDA:18,99,0,4
BRDA:18,99,1,197
BRDA:22,100,0,4
BRDA:22,100,1,4
BRDA:23,101,0,8
BRDA:23,101,1,189
BRDA:26,102,0,8
BRDA:26,102,1,4
BRDA:27,103,0,186
BRDA:27,103,1,3
BRDA:30,104,0,186
BRDA:30,104,1,31
BRDA:44,105,0,3
BRDA:44,105,1,2
BRDA:43,106,0,3
BRDA:43,106,1,2
BRDA:48,107,0,7
BRDA:48,107,1,194
BRDA:51,108,0,7
BRDA:51,108,1,5
BRDA:63,109,0,5
BRDA:63,109,1,196
BRDA:74,110,0,201
BRDA:74,110,1,35
BRDA:76,111,0,11
BRDA:76,111,1,NaN
BRDA:84,112,0,11
BRDA:84,112,1,6
BRDA:104,113,0,201
BRDA:104,113,1,35
BRDA:88,114,0,2
BRDA:88,114,1,199
BRDA:89,115,0,4
BRDA:89,115,1,197
BRDA:92,116,0,4
BRDA:92,116,1,4
BRDA:93,117,0,2
BRDA:93,117,1,195
BRDA:96,118,0,2
BRDA:96,118,1,2
BRDA:97,119,0,171
BRDA:97,119,1,24
BRDA:100,120,0,171
BRDA:100,120,1,31
BRF:244
BRH:194
end_of_record
TN:
SF:src/views/SnowflakeView.vue
FN:288,(anonymous_0)
FN:289,(anonymous_1)
FN:292,(anonymous_2)
FN:305,(anonymous_3)
FN:308,(anonymous_4)
FN:313,(anonymous_5)
FN:324,(anonymous_6)
FN:330,(anonymous_7)
FN:333,(anonymous_8)
FN:335,(anonymous_9)
FN:336,(anonymous_10)
FN:346,(anonymous_11)
FN:347,(anonymous_12)
FN:353,(anonymous_13)
FN:357,(anonymous_14)
FN:362,(anonymous_15)
FN:367,(anonymous_16)
FN:378,(anonymous_17)
FN:382,(anonymous_18)
FN:398,(anonymous_19)
FN:418,(anonymous_20)
FN:426,(anonymous_21)
FN:452,(anonymous_22)
FN:458,(anonymous_23)
FN:459,(anonymous_24)
FN:465,(anonymous_25)
FN:480,(anonymous_26)
FN:520,(anonymous_27)
FN:521,(anonymous_28)
FN:527,(anonymous_29)
FN:558,(anonymous_30)
FN:595,(anonymous_31)
FN:59,(anonymous_32)
FN:66,(anonymous_33)
FN:67,(anonymous_34)
FN:70,(anonymous_35)
FN:71,(anonymous_36)
FN:90,(anonymous_37)
FN:94,(anonymous_38)
FN:93,(anonymous_39)
FN:95,(anonymous_40)
FN:117,(anonymous_41)
FN:119,(anonymous_42)
FN:121,(anonymous_43)
FN:127,(anonymous_44)
FN:160,(anonymous_45)
FN:162,(anonymous_46)
FN:164,(anonymous_47)
FN:170,(anonymous_48)
FN:192,(anonymous_49)
FN:194,(anonymous_50)
FN:197,(anonymous_51)
FN:203,(anonymous_52)
FN:210,(anonymous_53)
FN:216,(anonymous_54)
FN:236,(anonymous_55)
FN:238,(anonymous_56)
FN:241,(anonymous_57)
FNF:58
FNH:51
FNDA:26,(anonymous_0)
FNDA:25,(anonymous_1)
FNDA:37,(anonymous_2)
FNDA:129,(anonymous_3)
FNDA:48,(anonymous_4)
FNDA:16,(anonymous_5)
FNDA:16,(anonymous_6)
FNDA:18,(anonymous_7)
FNDA:29,(anonymous_8)
FNDA:6,(anonymous_9)
FNDA:6,(anonymous_10)
FNDA:9,(anonymous_11)
FNDA:9,(anonymous_12)
FNDA:6,(anonymous_13)
FNDA:6,(anonymous_14)
FNDA:6,(anonymous_15)
FNDA:3,(anonymous_16)
FNDA:25,(anonymous_17)
FNDA:6,(anonymous_18)
FNDA:2,(anonymous_19)
FNDA:3,(anonymous_20)
FNDA:3,(anonymous_21)
FNDA:1,(anonymous_22)
FNDA:1,(anonymous_23)
FNDA:1,(anonymous_24)
FNDA:1,(anonymous_25)
FNDA:25,(anonymous_26)
FNDA:25,(anonymous_27)
FNDA:25,(anonymous_28)
FNDA:6,(anonymous_29)
FNDA:1,(anonymous_30)
FNDA:0,(anonymous_31)
FNDA:6,(anonymous_32)
FNDA:1,(anonymous_33)
FNDA:1,(anonymous_34)
FNDA:24,(anonymous_35)
FNDA:2,(anonymous_36)
FNDA:0,(anonymous_37)
FNDA:0,(anonymous_38)
FNDA:24,(anonymous_39)
FNDA:1,(anonymous_40)
FNDA:0,(anonymous_41)
FNDA:1,(anonymous_42)
FNDA:23,(anonymous_43)
FNDA:1,(anonymous_44)
FNDA:0,(anonymous_45)
FNDA:1,(anonymous_46)
FNDA:16,(anonymous_47)
FNDA:1,(anonymous_48)
FNDA:0,(anonymous_49)
FNDA:1,(anonymous_50)
FNDA:16,(anonymous_51)
FNDA:1,(anonymous_52)
FNDA:16,(anonymous_53)
FNDA:1,(anonymous_54)
FNDA:0,(anonymous_55)
FNDA:1,(anonymous_56)
FNDA:16,(anonymous_57)
DA:2,76
DA:15,7
DA:49,7
DA:51,7
DA:54,6
DA:62,1
DA:67,1
DA:68,7
DA:69,24
DA:72,2
DA:80,7
DA:82,7
DA:85,0
DA:92,0
DA:93,24
DA:95,1
DA:96,7
DA:98,7
DA:99,7
DA:100,7
DA:107,7
DA:109,7
DA:112,0
DA:119,1
DA:121,23
DA:123,1
DA:128,7
DA:129,7
DA:130,7
DA:132,7
DA:133,7
DA:135,7
DA:136,7
DA:138,7
DA:139,7
DA:141,7
DA:150,7
DA:152,7
DA:155,0
DA:162,1
DA:164,16
DA:166,1
DA:171,7
DA:172,7
DA:173,7
DA:174,7
DA:175,7
DA:182,7
DA:184,7
DA:187,0
DA:194,1
DA:195,7
DA:197,16
DA:199,1
DA:204,7
DA:205,7
DA:206,7
DA:210,16
DA:212,1
DA:217,7
DA:218,7
DA:219,7
DA:226,7
DA:228,7
DA:231,0
DA:238,1
DA:239,7
DA:241,16
DA:242,7
DA:243,7
DA:244,7
DA:245,7
DA:246,7
DA:249,7
DA:280,23
DA:281,23
DA:282,23
DA:283,23
DA:284,23
DA:285,23
DA:286,23
DA:287,23
DA:288,26
DA:289,25
DA:290,23
DA:291,23
DA:292,37
DA:293,23
DA:294,23
DA:303,23
DA:305,23
DA:306,129
DA:308,23
DA:309,48
DA:310,48
DA:313,23
DA:314,16
DA:315,16
DA:316,2
DA:318,14
DA:319,0
DA:321,14
DA:324,23
DA:325,16
DA:326,16
DA:327,16
DA:328,0
DA:330,18
DA:333,23
DA:334,29
DA:335,6
DA:336,6
DA:340,29
DA:345,29
DA:346,9
DA:347,9
DA:349,29
DA:353,6
DA:357,23
DA:358,6
DA:359,6
DA:362,23
DA:363,6
DA:364,6
DA:367,23
DA:368,3
DA:369,3
DA:370,0
DA:372,3
DA:373,1
DA:375,2
DA:378,23
DA:379,25
DA:382,23
DA:383,6
DA:384,6
DA:385,6
DA:386,1
DA:388,5
DA:389,0
DA:391,5
DA:392,4
DA:394,2
DA:398,23
DA:399,2
DA:400,2
DA:401,2
DA:402,0
DA:404,2
DA:405,1
DA:407,1
DA:411,1
DA:412,1
DA:414,1
DA:418,23
DA:419,3
DA:420,3
DA:421,3
DA:422,0
DA:426,3
DA:427,3
DA:428,3
DA:429,1
DA:431,2
DA:438,3
DA:440,3
DA:442,1
DA:443,1
DA:446,1
DA:447,1
DA:450,1
DA:451,1
DA:452,1
DA:456,1
DA:457,1
DA:458,1
DA:459,1
DA:463,1
DA:464,1
DA:465,1
DA:469,1
DA:470,0
DA:471,0
DA:474,1
DA:476,2
DA:480,23
DA:481,25
DA:482,5
DA:483,5
DA:484,5
DA:485,5
DA:486,5
DA:487,5
DA:488,5
DA:489,5
DA:490,5
DA:491,5
DA:494,20
DA:495,1
DA:496,1
DA:499,19
DA:501,19
DA:502,19
DA:504,1
DA:507,19
DA:508,19
DA:509,19
DA:511,0
DA:514,19
DA:515,5
DA:519,23
DA:520,25
DA:522,25
DA:527,23
DA:528,6
DA:529,6
DA:530,6
DA:532,1
DA:533,1
DA:534,0
DA:535,0
DA:537,1
DA:538,1
DA:539,1
DA:542,1
DA:543,0
DA:546,1
DA:547,1
DA:548,0
DA:551,1
DA:552,1
DA:556,1
DA:557,1
DA:558,1
DA:559,1
DA:560,1
DA:562,1
DA:563,1
DA:566,1
DA:567,1
DA:568,1
DA:569,1
DA:571,1
DA:572,0
DA:574,1
DA:579,1
DA:580,1
DA:583,1
DA:584,1
DA:585,1
DA:586,1
DA:587,1
DA:591,2
DA:595,23
DA:596,0
DA:597,0
DA:598,0
DA:599,0
DA:600,0
DA:601,0
DA:602,0
DA:603,0
LF:262
LH:234
BRDA:288,0,0,26
BRDA:288,0,1,25
BRDA:288,0,2,11
BRDA:289,1,0,25
BRDA:289,1,1,24
BRDA:289,1,2,3
BRDA:292,2,0,37
BRDA:292,2,1,35
BRDA:306,3,0,38
BRDA:306,3,1,91
BRDA:306,4,0,129
BRDA:306,4,1,92
BRDA:310,5,0,48
BRDA:310,5,1,0
BRDA:315,6,0,2
BRDA:315,6,1,14
BRDA:318,7,0,0
BRDA:318,7,1,14
BRDA:326,8,0,0
BRDA:326,8,1,16
BRDA:327,9,0,0
BRDA:327,9,1,16
BRDA:330,10,0,18
BRDA:330,10,1,18
BRDA:340,11,0,29
BRDA:340,11,1,23
BRDA:340,11,2,17
BRDA:340,11,3,16
BRDA:346,12,0,9
BRDA:346,12,1,6
BRDA:369,13,0,0
BRDA:369,13,1,3
BRDA:372,14,0,1
BRDA:372,14,1,2
BRDA:372,15,0,3
BRDA:372,15,1,3
BRDA:385,16,0,1
BRDA:385,16,1,5
BRDA:388,17,0,0
BRDA:388,17,1,5
BRDA:394,18,0,2
BRDA:394,18,1,0
BRDA:401,19,0,0
BRDA:401,19,1,2
BRDA:404,20,0,1
BRDA:404,20,1,1
BRDA:414,21,0,1
BRDA:414,21,1,0
BRDA:421,22,0,0
BRDA:421,22,1,3
BRDA:427,23,0,3
BRDA:427,23,1,3
BRDA:428,24,0,1
BRDA:428,24,1,2
BRDA:442,25,0,1
BRDA:442,25,1,0
BRDA:446,26,0,1
BRDA:446,26,1,0
BRDA:450,27,0,1
BRDA:450,27,1,0
BRDA:456,28,0,1
BRDA:456,28,1,0
BRDA:456,29,0,1
BRDA:456,29,1,0
BRDA:463,30,0,1
BRDA:463,30,1,0
BRDA:469,31,0,0
BRDA:469,31,1,1
BRDA:476,32,0,2
BRDA:476,32,1,0
BRDA:481,33,0,5
BRDA:481,33,1,20
BRDA:494,34,0,1
BRDA:494,34,1,19
BRDA:504,35,0,1
BRDA:504,35,1,0
BRDA:511,36,0,0
BRDA:511,36,1,0
BRDA:514,37,0,5
BRDA:514,37,1,14
BRDA:514,38,0,19
BRDA:514,38,1,19
BRDA:530,39,0,1
BRDA:530,39,1,1
BRDA:530,39,2,1
BRDA:530,39,3,1
BRDA:530,39,4,1
BRDA:530,39,5,1
BRDA:533,40,0,0
BRDA:533,40,1,1
BRDA:538,41,0,1
BRDA:538,41,1,0
BRDA:567,42,0,1
BRDA:567,42,1,0
BRDA:571,43,0,0
BRDA:571,43,1,1
BRDA:583,44,0,1
BRDA:583,44,1,1
BRDA:584,45,0,1
BRDA:584,45,1,1
BRDA:591,46,0,2
BRDA:591,46,1,0
BRDA:3,47,0,76
BRDA:3,47,1,23
BRDA:8,48,0,76
BRDA:8,48,1,23
BRDA:16,49,0,16
BRDA:16,49,1,60
BRDA:17,50,0,10
BRDA:17,50,1,66
BRDA:21,51,0,76
BRDA:21,51,1,23
BRDA:32,52,0,76
BRDA:32,52,1,23
BRDA:47,53,0,76
BRDA:47,53,1,23
BRDA:41,54,0,32
BRDA:41,54,1,44
BRDA:78,55,0,76
BRDA:78,55,1,23
BRDA:60,56,0,76
BRDA:60,56,1,23
BRDA:59,57,0,76
BRDA:59,57,1,23
BRDA:66,58,0,76
BRDA:66,58,1,23
BRDA:67,59,0,76
BRDA:67,59,1,23
BRDA:105,60,0,76
BRDA:105,60,1,23
BRDA:91,61,0,76
BRDA:91,61,1,23
BRDA:90,62,0,76
BRDA:90,62,1,23
BRDA:94,63,0,76
BRDA:94,63,1,23
BRDA:95,64,0,76
BRDA:95,64,1,23
BRDA:97,65,0,32
BRDA:97,65,1,NaN
BRDA:98,66,0,32
BRDA:98,66,1,8
BRDA:99,67,0,32
BRDA:99,67,1,8
BRDA:102,68,0,32
BRDA:102,68,1,8
BRDA:104,69,0,32
BRDA:104,69,1,44
BRDA:148,70,0,76
BRDA:148,70,1,23
BRDA:118,71,0,76
BRDA:118,71,1,23
BRDA:117,72,0,76
BRDA:117,72,1,23
BRDA:119,73,0,76
BRDA:119,73,1,23
BRDA:121,74,0,23
BRDA:121,74,1,17
BRDA:121,74,2,7
BRDA:131,75,0,23
BRDA:131,75,1,5
BRDA:130,76,0,23
BRDA:130,76,1,5
BRDA:134,77,0,23
BRDA:134,77,1,5
BRDA:133,78,0,23
BRDA:133,78,1,5
BRDA:137,79,0,23
BRDA:137,79,1,5
BRDA:136,80,0,23
BRDA:136,80,1,5
BRDA:140,81,0,23
BRDA:140,81,1,5
BRDA:139,82,0,23
BRDA:139,82,1,5
BRDA:143,83,0,23
BRDA:143,83,1,5
BRDA:180,84,0,76
BRDA:180,84,1,23
BRDA:161,85,0,76
BRDA:161,85,1,23
BRDA:160,86,0,76
BRDA:160,86,1,23
BRDA:162,87,0,76
BRDA:162,87,1,23
BRDA:172,88,0,16
BRDA:172,88,1,3
BRDA:173,89,0,16
BRDA:173,89,1,3
BRDA:174,90,0,16
BRDA:174,90,1,3
BRDA:175,91,0,16
BRDA:175,91,1,3
BRDA:224,92,0,76
BRDA:224,92,1,23
BRDA:193,93,0,76
BRDA:193,93,1,23
BRDA:192,94,0,76
BRDA:192,94,1,23
BRDA:194,95,0,76
BRDA:194,95,1,23
BRDA:205,96,0,16
BRDA:205,96,1,3
BRDA:206,97,0,16
BRDA:206,97,1,3
BRDA:218,98,0,16
BRDA:218,98,1,3
BRDA:219,99,0,16
BRDA:219,99,1,3
BRDA:256,100,0,76
BRDA:256,100,1,23
BRDA:237,101,0,76
BRDA:237,101,1,23
BRDA:236,102,0,76
BRDA:236,102,1,23
BRDA:238,103,0,76
BRDA:238,103,1,23
BRDA:243,104,0,16
BRDA:243,104,1,3
BRDA:244,105,0,16
BRDA:244,105,1,3
BRDA:245,106,0,16
BRDA:245,106,1,3
BRDA:248,107,0,16
BRDA:248,107,1,3
BRDA:251,108,0,16
BRDA:251,108,1,3
BRDA:250,109,0,2
BRDA:250,109,1,14
BRF:229
BRH:202
end_of_record
TN:
SF:src/views/WorldView.vue
FN:111,(anonymous_0)
FN:114,(anonymous_1)
FN:142,(anonymous_2)
FN:143,(anonymous_3)
FN:145,(anonymous_4)
FN:146,(anonymous_5)
FN:147,(anonymous_6)
FN:148,(anonymous_7)
FN:149,(anonymous_8)
FN:151,(anonymous_9)
FN:153,(anonymous_10)
FN:154,(anonymous_11)
FN:155,(anonymous_12)
FN:156,(anonymous_13)
FN:158,(anonymous_14)
FN:160,(anonymous_15)
FN:170,(anonymous_16)
FN:191,(anonymous_17)
FN:199,(anonymous_18)
FN:207,(anonymous_19)
FN:214,(anonymous_20)
FN:236,(anonymous_21)
FN:238,(anonymous_22)
FN:240,(anonymous_23)
FN:271,(anonymous_24)
FN:277,(anonymous_25)
FN:280,(anonymous_26)
FN:295,(anonymous_27)
FN:306,(anonymous_28)
FN:312,(anonymous_29)
FN:323,(anonymous_30)
FN:328,(anonymous_31)
FN:329,(anonymous_32)
FN:339,(anonymous_33)
FN:340,(anonymous_34)
FN:347,(anonymous_35)
FN:348,(anonymous_36)
FN:368,(anonymous_37)
FN:369,(anonymous_38)
FN:388,(anonymous_39)
FN:389,(anonymous_40)
FN:400,(anonymous_41)
FN:402,(anonymous_42)
FN:36,(anonymous_43)
FN:41,(anonymous_44)
FN:82,(anonymous_45)
FNF:46
FNH:43
FNDA:55,(anonymous_0)
FNDA:25,(anonymous_1)
FNDA:37,(anonymous_2)
FNDA:4,(anonymous_3)
FNDA:28,(anonymous_4)
FNDA:27,(anonymous_5)
FNDA:27,(anonymous_6)
FNDA:83,(anonymous_7)
FNDA:45,(anonymous_8)
FNDA:62,(anonymous_9)
FNDA:3,(anonymous_10)
FNDA:26,(anonymous_11)
FNDA:2,(anonymous_12)
FNDA:2,(anonymous_13)
FNDA:4,(anonymous_14)
FNDA:0,(anonymous_15)
FNDA:1,(anonymous_16)
FNDA:13,(anonymous_17)
FNDA:13,(anonymous_18)
FNDA:11,(anonymous_19)
FNDA:1,(anonymous_20)
FNDA:3,(anonymous_21)
FNDA:2,(anonymous_22)
FNDA:1,(anonymous_23)
FNDA:0,(anonymous_24)
FNDA:14,(anonymous_25)
FNDA:26,(anonymous_26)
FNDA:25,(anonymous_27)
FNDA:25,(anonymous_28)
FNDA:4,(anonymous_29)
FNDA:3,(anonymous_30)
FNDA:1,(anonymous_31)
FNDA:1,(anonymous_32)
FNDA:5,(anonymous_33)
FNDA:5,(anonymous_34)
FNDA:2,(anonymous_35)
FNDA:2,(anonymous_36)
FNDA:3,(anonymous_37)
FNDA:3,(anonymous_38)
FNDA:3,(anonymous_39)
FNDA:3,(anonymous_40)
FNDA:2,(anonymous_41)
FNDA:2,(anonymous_42)
FNDA:16,(anonymous_43)
FNDA:1,(anonymous_44)
FNDA:0,(anonymous_45)
DA:2,111
DA:24,6
DA:35,16
DA:41,1
DA:43,6
DA:44,6
DA:55,6
DA:58,6
DA:82,0
DA:107,25
DA:108,25
DA:109,25
DA:111,25
DA:112,55
DA:114,25
DA:115,25
DA:116,14
DA:118,11
DA:132,25
DA:134,25
DA:135,25
DA:136,25
DA:137,25
DA:138,25
DA:139,25
DA:140,25
DA:142,25
DA:143,37
DA:145,28
DA:146,27
DA:147,27
DA:148,83
DA:149,45
DA:150,25
DA:151,62
DA:153,25
DA:154,26
DA:155,25
DA:156,25
DA:158,25
DA:159,4
DA:160,4
DA:161,0
DA:170,4
DA:171,1
DA:172,1
DA:179,1
DA:180,1
DA:188,4
DA:191,25
DA:192,13
DA:193,13
DA:194,1
DA:196,12
DA:199,25
DA:200,13
DA:201,13
DA:202,1
DA:204,12
DA:207,25
DA:208,11
DA:209,0
DA:211,11
DA:214,25
DA:215,1
DA:216,1
DA:218,0
DA:219,0
DA:220,0
DA:221,0
DA:222,0
DA:224,0
DA:225,0
DA:226,0
DA:228,0
DA:229,0
DA:230,0
DA:233,0
DA:236,25
DA:238,25
DA:239,2
DA:240,2
DA:241,1
DA:242,0
DA:244,1
DA:245,1
DA:246,1
DA:247,1
DA:248,0
DA:249,0
DA:250,0
DA:257,1
DA:258,1
DA:259,1
DA:260,1
DA:267,0
DA:271,25
DA:272,0
DA:273,0
DA:274,0
DA:277,25
DA:278,14
DA:280,25
DA:281,26
DA:282,26
DA:283,26
DA:284,26
DA:286,14
DA:287,14
DA:288,7
DA:291,26
DA:295,25
DA:296,25
DA:297,25
DA:298,25
DA:300,2
DA:302,14
DA:306,25
DA:307,25
DA:312,25
DA:313,4
DA:318,3
DA:319,3
DA:320,3
DA:323,25
DA:324,3
DA:325,2
DA:328,25
DA:329,1
DA:330,1
DA:331,1
DA:332,1
DA:333,1
DA:334,1
DA:335,1
DA:339,25
DA:340,5
DA:341,5
DA:342,5
DA:343,5
DA:347,25
DA:348,2
DA:349,2
DA:350,2
DA:351,2
DA:360,2
DA:361,2
DA:362,1
DA:364,1
DA:368,25
DA:369,3
DA:370,3
DA:371,3
DA:372,1
DA:374,2
DA:375,2
DA:376,2
DA:388,25
DA:389,3
DA:390,3
DA:391,3
DA:392,1
DA:394,2
DA:395,2
DA:396,2
DA:400,25
DA:401,2
DA:402,2
DA:403,2
DA:404,2
DA:405,2
DA:406,1
LF:172
LH:149
BRDA:112,0,0,0
BRDA:112,0,1,55
BRDA:112,1,0,55
BRDA:112,1,1,33
BRDA:115,2,0,14
BRDA:115,2,1,11
BRDA:115,3,0,25
BRDA:115,3,1,14
BRDA:119,4,0,11
BRDA:119,4,1,0
BRDA:148,5,0,83
BRDA:148,5,1,58
BRDA:149,6,0,45
BRDA:149,6,1,31
BRDA:149,6,2,29
BRDA:151,7,0,62
BRDA:151,7,1,37
BRDA:151,7,2,37
BRDA:171,8,0,1
BRDA:171,8,1,0
BRDA:179,9,0,1
BRDA:179,9,1,0
BRDA:193,10,0,1
BRDA:193,10,1,12
BRDA:201,11,0,1
BRDA:201,11,1,12
BRDA:208,12,0,0
BRDA:208,12,1,11
BRDA:215,13,0,1
BRDA:215,13,1,0
BRDA:215,14,0,1
BRDA:215,14,1,1
BRDA:218,15,0,0
BRDA:218,15,1,0
BRDA:218,16,0,0
BRDA:218,16,1,0
BRDA:221,17,0,0
BRDA:221,17,1,0
BRDA:221,18,0,0
BRDA:221,18,1,0
BRDA:225,19,0,0
BRDA:225,19,1,0
BRDA:225,20,0,0
BRDA:225,20,1,0
BRDA:229,21,0,0
BRDA:229,21,1,0
BRDA:229,22,0,0
BRDA:229,22,1,0
BRDA:241,23,0,0
BRDA:241,23,1,1
BRDA:241,24,0,1
BRDA:241,24,1,1
BRDA:247,25,0,0
BRDA:247,25,1,1
BRDA:247,26,0,1
BRDA:247,26,1,0
BRDA:248,27,0,0
BRDA:248,27,1,0
BRDA:249,28,0,0
BRDA:249,28,1,0
BRDA:259,29,0,1
BRDA:259,29,1,0
BRDA:259,30,0,1
BRDA:259,30,1,1
BRDA:278,31,0,14
BRDA:278,31,1,11
BRDA:286,32,0,11
BRDA:286,32,1,3
BRDA:287,33,0,7
BRDA:287,33,1,7
BRDA:300,34,0,2
BRDA:300,34,1,0
BRDA:360,35,0,1
BRDA:360,35,1,1
BRDA:361,36,0,1
BRDA:361,36,1,1
BRDA:370,37,0,3
BRDA:370,37,1,2
BRDA:371,38,0,1
BRDA:371,38,1,2
BRDA:390,39,0,3
BRDA:390,39,1,2
BRDA:391,40,0,1
BRDA:391,40,1,2
BRDA:3,41,0,111
BRDA:3,41,1,25
BRDA:8,42,0,111
BRDA:8,42,1,25
BRDA:47,43,0,111
BRDA:47,43,1,25
BRDA:26,44,0,4
BRDA:26,44,1,107
BRDA:29,45,0,4
BRDA:29,45,1,2
BRDA:30,46,0,52
BRDA:30,46,1,55
BRDA:33,47,0,52
BRDA:33,47,1,25
BRDA:49,48,0,107
BRDA:49,48,1,4
BRDA:52,49,0,107
BRDA:52,49,1,25
BRDA:63,50,0,4
BRDA:63,50,1,107
BRDA:67,51,0,4
BRDA:67,51,1,107
BRDA:71,52,0,1
BRDA:71,52,1,110
BRDA:75,53,0,4
BRDA:75,53,1,NaN
BRDA:79,54,0,4
BRDA:79,54,1,NaN
BRDA:88,55,0,4
BRDA:88,55,1,1
BRDA:81,56,0,0
BRDA:81,56,1,4
BRDA:87,57,0,4
BRDA:87,57,1,1
BRF:118
BRH:84
end_of_record
